INFO - 2024-02-05 08:35:13 --> Session: Class initialized using 'CodeIgniter\Session\Handlers\FileHandler' driver.
CRITICAL - 2024-02-05 08:35:13 --> Invalid file: "index.php"
in SYSTEMPATH\Exceptions\FrameworkException.php on line 39.
 1 SYSTEMPATH\View\View.php(214): CodeIgniter\Exceptions\FrameworkException::forInvalidFile('index.php')
 2 SYSTEMPATH\Common.php(1188): CodeIgniter\View\View->render('index.php', [], true)
 3 APPPATH\Controllers\Base.php(15): view('index.php')
 4 SYSTEMPATH\CodeIgniter.php(919): App\Controllers\Base->index()
 5 SYSTEMPATH\CodeIgniter.php(494): CodeIgniter\CodeIgniter->runController(Object(App\Controllers\Base))
 6 SYSTEMPATH\CodeIgniter.php(353): CodeIgniter\CodeIgniter->handleRequest(null, Object(Config\Cache), false)
 7 FCPATH\index.php(79): CodeIgniter\CodeIgniter->run()
INFO - 2024-02-05 08:55:12 --> Session: Class initialized using 'CodeIgniter\Session\Handlers\FileHandler' driver.
CRITICAL - 2024-02-05 08:55:13 --> Invalid file: "index.php"
in SYSTEMPATH\Exceptions\FrameworkException.php on line 39.
 1 SYSTEMPATH\View\View.php(214): CodeIgniter\Exceptions\FrameworkException::forInvalidFile('index.php')
 2 SYSTEMPATH\Common.php(1188): CodeIgniter\View\View->render('index.php', [], true)
 3 APPPATH\Controllers\Base.php(15): view('index.php')
 4 SYSTEMPATH\CodeIgniter.php(919): App\Controllers\Base->index()
 5 SYSTEMPATH\CodeIgniter.php(494): CodeIgniter\CodeIgniter->runController(Object(App\Controllers\Base))
 6 SYSTEMPATH\CodeIgniter.php(353): CodeIgniter\CodeIgniter->handleRequest(null, Object(Config\Cache), false)
 7 FCPATH\index.php(79): CodeIgniter\CodeIgniter->run()
 8 SYSTEMPATH\Commands\Server\rewrite.php(47): require_once('C:\\laragon\\www\\FORMULAIRE\\public\\index.php')
ERROR - 2024-02-05 08:55:17 --> Error connecting to the database: CodeIgniter\Database\Exceptions\DatabaseException: [Microsoft][ODBC Driver 17 for SQL Server][SQL Server]Échec de l'ouverture de session de l'utilisateur 'LAPTOP-I0QJ45LN\lois1'. SQLSTATE: 28000, code: 18456
[Microsoft][ODBC Driver 17 for SQL Server][SQL Server]Impossible d'ouvrir la base de données "FORMULAIREE" demandée par la connexion. La connexion a échoué. SQLSTATE: 42000, code: 4060 in C:\laragon\www\FORMULAIRE\system\Database\SQLSRV\Connection.php:142
Stack trace:
#0 C:\laragon\www\FORMULAIRE\system\Database\BaseConnection.php(391): CodeIgniter\Database\SQLSRV\Connection->connect(false)
#1 C:\laragon\www\FORMULAIRE\system\Database\BaseConnection.php(574): CodeIgniter\Database\BaseConnection->initialize()
#2 C:\laragon\www\FORMULAIRE\system\Database\SQLSRV\Builder.php(610): CodeIgniter\Database\BaseConnection->query('SELECT *\nFROM "...', Array, false)
#3 C:\laragon\www\FORMULAIRE\system\Model.php(237): CodeIgniter\Database\SQLSRV\Builder->get()
#4 C:\laragon\www\FORMULAIRE\system\BaseModel.php(624): CodeIgniter\Model->doFindAll(0, 0)
#5 C:\laragon\www\FORMULAIRE\app\Controllers\SignupController.php(58): CodeIgniter\BaseModel->findAll()
#6 C:\laragon\www\FORMULAIRE\system\CodeIgniter.php(919): App\Controllers\SignupController->Affiche()
#7 C:\laragon\www\FORMULAIRE\system\CodeIgniter.php(494): CodeIgniter\CodeIgniter->runController(Object(App\Controllers\SignupController))
#8 C:\laragon\www\FORMULAIRE\system\CodeIgniter.php(353): CodeIgniter\CodeIgniter->handleRequest(NULL, Object(Config\Cache), false)
#9 C:\laragon\www\FORMULAIRE\public\index.php(79): CodeIgniter\CodeIgniter->run()
#10 C:\laragon\www\FORMULAIRE\system\Commands\Server\rewrite.php(47): require_once('C:\\laragon\\www\\...')
#11 {main}
CRITICAL - 2024-02-05 08:55:17 --> Unable to connect to the database.
Main connection [SQLSRV]: [Microsoft][ODBC Driver 17 for SQL Server][SQL Server]Échec de l'ouverture de session de l'utilisateur 'LAPTOP-I0QJ45LN\lois1'. SQLSTATE: 28000, code: 18456
[Microsoft][ODBC Driver 17 for SQL Server][SQL Server]Impossible d'ouvrir la base de données "FORMULAIREE" demandée par la connexion. La connexion a échoué. SQLSTATE: 42000, code: 4060
in SYSTEMPATH\Database\BaseConnection.php on line 427.
 1 SYSTEMPATH\Database\BaseConnection.php(574): CodeIgniter\Database\BaseConnection->initialize()
 2 SYSTEMPATH\Database\SQLSRV\Builder.php(610): CodeIgniter\Database\BaseConnection->query('SELECT *
FROM "FORMULAIREE"."dbo"."FORMULAIRE"', [], false)
 3 SYSTEMPATH\Model.php(237): CodeIgniter\Database\SQLSRV\Builder->get()
 4 SYSTEMPATH\BaseModel.php(624): CodeIgniter\Model->doFindAll(0, 0)
 5 APPPATH\Controllers\SignupController.php(58): CodeIgniter\BaseModel->findAll()
 6 SYSTEMPATH\CodeIgniter.php(919): App\Controllers\SignupController->Affiche()
 7 SYSTEMPATH\CodeIgniter.php(494): CodeIgniter\CodeIgniter->runController(Object(App\Controllers\SignupController))
 8 SYSTEMPATH\CodeIgniter.php(353): CodeIgniter\CodeIgniter->handleRequest(null, Object(Config\Cache), false)
 9 FCPATH\index.php(79): CodeIgniter\CodeIgniter->run()
10 SYSTEMPATH\Commands\Server\rewrite.php(47): require_once('C:\\laragon\\www\\FORMULAIRE\\public\\index.php')
INFO - 2024-02-05 08:55:57 --> Session: Class initialized using 'CodeIgniter\Session\Handlers\FileHandler' driver.
CRITICAL - 2024-02-05 08:55:57 --> Invalid file: "index.php"
in SYSTEMPATH\Exceptions\FrameworkException.php on line 39.
 1 SYSTEMPATH\View\View.php(214): CodeIgniter\Exceptions\FrameworkException::forInvalidFile('index.php')
 2 SYSTEMPATH\Common.php(1188): CodeIgniter\View\View->render('index.php', [], true)
 3 APPPATH\Controllers\Base.php(15): view('index.php')
 4 SYSTEMPATH\CodeIgniter.php(919): App\Controllers\Base->index()
 5 SYSTEMPATH\CodeIgniter.php(494): CodeIgniter\CodeIgniter->runController(Object(App\Controllers\Base))
 6 SYSTEMPATH\CodeIgniter.php(353): CodeIgniter\CodeIgniter->handleRequest(null, Object(Config\Cache), false)
 7 FCPATH\index.php(79): CodeIgniter\CodeIgniter->run()
 8 SYSTEMPATH\Commands\Server\rewrite.php(47): require_once('C:\\laragon\\www\\FORMULAIRE\\public\\index.php')
ERROR - 2024-02-05 08:55:59 --> [Microsoft][ODBC Driver 17 for SQL Server][SQL Server]Nom d'objet 'ALIZEO.dbo.FORMULAIRE' non valide.
CRITICAL - 2024-02-05 08:55:59 --> [Microsoft][ODBC Driver 17 for SQL Server][SQL Server]Nom d'objet 'ALIZEO.dbo.FORMULAIRE' non valide.
in SYSTEMPATH\Database\BaseConnection.php on line 646.
 1 SYSTEMPATH\Database\SQLSRV\Builder.php(610): CodeIgniter\Database\BaseConnection->query('SELECT *
FROM "ALIZEO"."dbo"."FORMULAIRE"', [], false)
 2 SYSTEMPATH\Model.php(237): CodeIgniter\Database\SQLSRV\Builder->get()
 3 SYSTEMPATH\BaseModel.php(624): CodeIgniter\Model->doFindAll(0, 0)
 4 APPPATH\Controllers\SignupController.php(58): CodeIgniter\BaseModel->findAll()
 5 SYSTEMPATH\CodeIgniter.php(919): App\Controllers\SignupController->Affiche()
 6 SYSTEMPATH\CodeIgniter.php(494): CodeIgniter\CodeIgniter->runController(Object(App\Controllers\SignupController))
 7 SYSTEMPATH\CodeIgniter.php(353): CodeIgniter\CodeIgniter->handleRequest(null, Object(Config\Cache), false)
 8 FCPATH\index.php(79): CodeIgniter\CodeIgniter->run()
 9 SYSTEMPATH\Commands\Server\rewrite.php(47): require_once('C:\\laragon\\www\\FORMULAIRE\\public\\index.php')
INFO - 2024-02-05 09:04:43 --> Session: Class initialized using 'CodeIgniter\Session\Handlers\FileHandler' driver.
CRITICAL - 2024-02-05 09:04:43 --> Invalid file: "index.php"
in SYSTEMPATH\Exceptions\FrameworkException.php on line 39.
 1 SYSTEMPATH\View\View.php(214): CodeIgniter\Exceptions\FrameworkException::forInvalidFile('index.php')
 2 SYSTEMPATH\Common.php(1188): CodeIgniter\View\View->render('index.php', [], true)
 3 APPPATH\Controllers\Base.php(15): view('index.php')
 4 SYSTEMPATH\CodeIgniter.php(919): App\Controllers\Base->index()
 5 SYSTEMPATH\CodeIgniter.php(494): CodeIgniter\CodeIgniter->runController(Object(App\Controllers\Base))
 6 SYSTEMPATH\CodeIgniter.php(353): CodeIgniter\CodeIgniter->handleRequest(null, Object(Config\Cache), false)
 7 FCPATH\index.php(79): CodeIgniter\CodeIgniter->run()
 8 SYSTEMPATH\Commands\Server\rewrite.php(47): require_once('C:\\laragon\\www\\FORMULAIRE\\public\\index.php')
ERROR - 2024-02-05 09:05:10 --> Error connecting to the database: CodeIgniter\Database\Exceptions\DatabaseException: [Microsoft][ODBC Driver 17 for SQL Server]MAX_PROVS : Chaîne de connexion non valide [87].  SQLSTATE: 08001, code: 87
[Microsoft][ODBC Driver 17 for SQL Server]Délai d'attente de connexion expiré SQLSTATE: HYT00, code: 0
[Microsoft][ODBC Driver 17 for SQL Server]Une erreur liée au réseau ou spécifique à l'instance s'est produite lors de l'établissement d'une connexion à SQL Server. Le serveur est introuvable ou n'est pas accessible. Vérifiez si le nom de l'instance est correct et si SQL Server est configuré pour autoriser les connexions distantes. Pour plus d'informations, consultez la documentation en ligne de SQL Server. SQLSTATE: 08001, code: 87 in C:\laragon\www\FORMULAIRE\system\Database\SQLSRV\Connection.php:142
Stack trace:
#0 C:\laragon\www\FORMULAIRE\system\Database\BaseConnection.php(391): CodeIgniter\Database\SQLSRV\Connection->connect(false)
#1 C:\laragon\www\FORMULAIRE\system\Database\BaseConnection.php(574): CodeIgniter\Database\BaseConnection->initialize()
#2 C:\laragon\www\FORMULAIRE\system\Database\SQLSRV\Builder.php(610): CodeIgniter\Database\BaseConnection->query('SELECT *\nFROM "...', Array, false)
#3 C:\laragon\www\FORMULAIRE\system\Model.php(237): CodeIgniter\Database\SQLSRV\Builder->get()
#4 C:\laragon\www\FORMULAIRE\system\BaseModel.php(624): CodeIgniter\Model->doFindAll(0, 0)
#5 C:\laragon\www\FORMULAIRE\app\Controllers\SignupController.php(58): CodeIgniter\BaseModel->findAll()
#6 C:\laragon\www\FORMULAIRE\system\CodeIgniter.php(919): App\Controllers\SignupController->Affiche()
#7 C:\laragon\www\FORMULAIRE\system\CodeIgniter.php(494): CodeIgniter\CodeIgniter->runController(Object(App\Controllers\SignupController))
#8 C:\laragon\www\FORMULAIRE\system\CodeIgniter.php(353): CodeIgniter\CodeIgniter->handleRequest(NULL, Object(Config\Cache), false)
#9 C:\laragon\www\FORMULAIRE\public\index.php(79): CodeIgniter\CodeIgniter->run()
#10 C:\laragon\www\FORMULAIRE\system\Commands\Server\rewrite.php(47): require_once('C:\\laragon\\www\\...')
#11 {main}
CRITICAL - 2024-02-05 09:05:10 --> Unable to connect to the database.
Main connection [SQLSRV]: [Microsoft][ODBC Driver 17 for SQL Server]MAX_PROVS : Chaîne de connexion non valide [87].  SQLSTATE: 08001, code: 87
[Microsoft][ODBC Driver 17 for SQL Server]Délai d'attente de connexion expiré SQLSTATE: HYT00, code: 0
[Microsoft][ODBC Driver 17 for SQL Server]Une erreur liée au réseau ou spécifique à l'instance s'est produite lors de l'établissement d'une connexion à SQL Server. Le serveur est introuvable ou n'est pas accessible. Vérifiez si le nom de l'instance est correct et si SQL Server est configuré pour autoriser les connexions distantes. Pour plus d'informations, consultez la documentation en ligne de SQL Server. SQLSTATE: 08001, code: 87
in SYSTEMPATH\Database\BaseConnection.php on line 427.
 1 SYSTEMPATH\Database\BaseConnection.php(574): CodeIgniter\Database\BaseConnection->initialize()
 2 SYSTEMPATH\Database\SQLSRV\Builder.php(610): CodeIgniter\Database\BaseConnection->query('SELECT *
FROM "FORMULAIRE"."dbo"."FORMULAIRE"', [], false)
 3 SYSTEMPATH\Model.php(237): CodeIgniter\Database\SQLSRV\Builder->get()
 4 SYSTEMPATH\BaseModel.php(624): CodeIgniter\Model->doFindAll(0, 0)
 5 APPPATH\Controllers\SignupController.php(58): CodeIgniter\BaseModel->findAll()
 6 SYSTEMPATH\CodeIgniter.php(919): App\Controllers\SignupController->Affiche()
 7 SYSTEMPATH\CodeIgniter.php(494): CodeIgniter\CodeIgniter->runController(Object(App\Controllers\SignupController))
 8 SYSTEMPATH\CodeIgniter.php(353): CodeIgniter\CodeIgniter->handleRequest(null, Object(Config\Cache), false)
 9 FCPATH\index.php(79): CodeIgniter\CodeIgniter->run()
10 SYSTEMPATH\Commands\Server\rewrite.php(47): require_once('C:\\laragon\\www\\FORMULAIRE\\public\\index.php')
INFO - 2024-02-05 10:34:15 --> Session: Class initialized using 'CodeIgniter\Session\Handlers\FileHandler' driver.
CRITICAL - 2024-02-05 10:34:15 --> Invalid file: "index.php"
in SYSTEMPATH\Exceptions\FrameworkException.php on line 39.
 1 SYSTEMPATH\View\View.php(214): CodeIgniter\Exceptions\FrameworkException::forInvalidFile('index.php')
 2 SYSTEMPATH\Common.php(1188): CodeIgniter\View\View->render('index.php', [], true)
 3 APPPATH\Controllers\Base.php(15): view('index.php')
 4 SYSTEMPATH\CodeIgniter.php(919): App\Controllers\Base->index()
 5 SYSTEMPATH\CodeIgniter.php(494): CodeIgniter\CodeIgniter->runController(Object(App\Controllers\Base))
 6 SYSTEMPATH\CodeIgniter.php(353): CodeIgniter\CodeIgniter->handleRequest(null, Object(Config\Cache), false)
 7 FCPATH\index.php(79): CodeIgniter\CodeIgniter->run()
 8 SYSTEMPATH\Commands\Server\rewrite.php(47): require_once('C:\\laragon\\www\\FORMULAIRE\\public\\index.php')
CRITICAL - 2024-02-05 10:34:20 --> Class 'CodeIgniter\Database\SQL\Connection' not found
in SYSTEMPATH\Database\Database.php on line 137.
 1 SYSTEMPATH\Database\Database.php(55): CodeIgniter\Database\Database->initDriver('SQL', 'Connection', [...])
 2 SYSTEMPATH\Database\Config.php(81): CodeIgniter\Database\Database->load([...], 'default')
 3 SYSTEMPATH\Model.php(151): CodeIgniter\Database\Config::connect('default')
 4 SYSTEMPATH\Config\Factories.php(215): CodeIgniter\Model->__construct(null)
 5 SYSTEMPATH\Config\Factories.php(165): CodeIgniter\Config\Factories::createInstance('models', 'App\\Models\\PersonneModel', [...])
 6 SYSTEMPATH\Common.php(827): CodeIgniter\Config\Factories::__callStatic('models', [...])
 7 APPPATH\Controllers\SignupController.php(57): model('PersonneModel')
 8 SYSTEMPATH\CodeIgniter.php(919): App\Controllers\SignupController->Affiche()
 9 SYSTEMPATH\CodeIgniter.php(494): CodeIgniter\CodeIgniter->runController(Object(App\Controllers\SignupController))
10 SYSTEMPATH\CodeIgniter.php(353): CodeIgniter\CodeIgniter->handleRequest(null, Object(Config\Cache), false)
11 FCPATH\index.php(79): CodeIgniter\CodeIgniter->run()
12 SYSTEMPATH\Commands\Server\rewrite.php(47): require_once('C:\\laragon\\www\\FORMULAIRE\\public\\index.php')
INFO - 2024-02-05 10:50:45 --> Session: Class initialized using 'CodeIgniter\Session\Handlers\FileHandler' driver.
CRITICAL - 2024-02-05 10:50:45 --> Invalid file: "index.php"
in SYSTEMPATH\Exceptions\FrameworkException.php on line 39.
 1 SYSTEMPATH\View\View.php(214): CodeIgniter\Exceptions\FrameworkException::forInvalidFile('index.php')
 2 SYSTEMPATH\Common.php(1188): CodeIgniter\View\View->render('index.php', [], true)
 3 APPPATH\Controllers\Base.php(15): view('index.php')
 4 SYSTEMPATH\CodeIgniter.php(919): App\Controllers\Base->index()
 5 SYSTEMPATH\CodeIgniter.php(494): CodeIgniter\CodeIgniter->runController(Object(App\Controllers\Base))
 6 SYSTEMPATH\CodeIgniter.php(353): CodeIgniter\CodeIgniter->handleRequest(null, Object(Config\Cache), false)
 7 FCPATH\index.php(79): CodeIgniter\CodeIgniter->run()
 8 SYSTEMPATH\Commands\Server\rewrite.php(47): require_once('C:\\laragon\\www\\FORMULAIRE\\public\\index.php')
INFO - 2024-02-05 10:51:44 --> Session: Class initialized using 'CodeIgniter\Session\Handlers\FileHandler' driver.
CRITICAL - 2024-02-05 10:51:44 --> Undefined variable: LesPersonnes
in APPPATH\Views\trello.php on line 22.
 1 APPPATH\Views\trello.php(22): CodeIgniter\Debug\Exceptions->errorHandler(8, 'Undefined variable: LesPersonnes', 'C:\\laragon\\www\\FORMULAIRE\\app\\Views\\trello.php', 22, [])
 2 SYSTEMPATH\View\View.php(226): include('C:\\laragon\\www\\FORMULAIRE\\app\\Views\\trello.php')
 3 SYSTEMPATH\View\View.php(229): CodeIgniter\View\View->CodeIgniter\View\{closure}()
 4 SYSTEMPATH\Common.php(1188): CodeIgniter\View\View->render('trello.php', [], true)
 5 APPPATH\Controllers\Base.php(15): view('trello.php')
 6 SYSTEMPATH\CodeIgniter.php(919): App\Controllers\Base->index()
 7 SYSTEMPATH\CodeIgniter.php(494): CodeIgniter\CodeIgniter->runController(Object(App\Controllers\Base))
 8 SYSTEMPATH\CodeIgniter.php(353): CodeIgniter\CodeIgniter->handleRequest(null, Object(Config\Cache), false)
 9 FCPATH\index.php(79): CodeIgniter\CodeIgniter->run()
10 SYSTEMPATH\Commands\Server\rewrite.php(47): require_once('C:\\laragon\\www\\FORMULAIRE\\public\\index.php')
INFO - 2024-02-05 10:52:15 --> Session: Class initialized using 'CodeIgniter\Session\Handlers\FileHandler' driver.
CRITICAL - 2024-02-05 10:52:15 --> Invalid file: "instruction.php"
in SYSTEMPATH\Exceptions\FrameworkException.php on line 39.
 1 SYSTEMPATH\View\View.php(214): CodeIgniter\Exceptions\FrameworkException::forInvalidFile('instruction.php')
 2 SYSTEMPATH\Common.php(1188): CodeIgniter\View\View->render('instruction.php', [], true)
 3 APPPATH\Controllers\Base.php(15): view('instruction.php')
 4 SYSTEMPATH\CodeIgniter.php(919): App\Controllers\Base->index()
 5 SYSTEMPATH\CodeIgniter.php(494): CodeIgniter\CodeIgniter->runController(Object(App\Controllers\Base))
 6 SYSTEMPATH\CodeIgniter.php(353): CodeIgniter\CodeIgniter->handleRequest(null, Object(Config\Cache), false)
 7 FCPATH\index.php(79): CodeIgniter\CodeIgniter->run()
 8 SYSTEMPATH\Commands\Server\rewrite.php(47): require_once('C:\\laragon\\www\\FORMULAIRE\\public\\index.php')
INFO - 2024-02-05 10:52:29 --> Session: Class initialized using 'CodeIgniter\Session\Handlers\FileHandler' driver.
CRITICAL - 2024-02-05 10:53:01 --> Class 'CodeIgniter\Database\TEST\Connection' not found
in SYSTEMPATH\Database\Database.php on line 137.
 1 SYSTEMPATH\Database\Database.php(55): CodeIgniter\Database\Database->initDriver('TEST', 'Connection', [...])
 2 SYSTEMPATH\Database\Config.php(81): CodeIgniter\Database\Database->load([...], 'default')
 3 SYSTEMPATH\Model.php(151): CodeIgniter\Database\Config::connect('default')
 4 SYSTEMPATH\Config\Factories.php(215): CodeIgniter\Model->__construct(null)
 5 SYSTEMPATH\Config\Factories.php(165): CodeIgniter\Config\Factories::createInstance('models', 'App\\Models\\PersonneModel', [...])
 6 SYSTEMPATH\Common.php(827): CodeIgniter\Config\Factories::__callStatic('models', [...])
 7 APPPATH\Controllers\SignupController.php(57): model('PersonneModel')
 8 SYSTEMPATH\CodeIgniter.php(919): App\Controllers\SignupController->Affiche()
 9 SYSTEMPATH\CodeIgniter.php(494): CodeIgniter\CodeIgniter->runController(Object(App\Controllers\SignupController))
10 SYSTEMPATH\CodeIgniter.php(353): CodeIgniter\CodeIgniter->handleRequest(null, Object(Config\Cache), false)
11 FCPATH\index.php(79): CodeIgniter\CodeIgniter->run()
12 SYSTEMPATH\Commands\Server\rewrite.php(47): require_once('C:\\laragon\\www\\FORMULAIRE\\public\\index.php')
CRITICAL - 2024-02-05 14:33:33 --> Class 'CodeIgniter\Database\MSSQL\Connection' not found
in SYSTEMPATH\Database\Database.php on line 137.
 1 SYSTEMPATH\Database\Database.php(55): CodeIgniter\Database\Database->initDriver('MSSQL', 'Connection', [...])
 2 SYSTEMPATH\Database\Config.php(81): CodeIgniter\Database\Database->load([...], 'default')
 3 SYSTEMPATH\Model.php(151): CodeIgniter\Database\Config::connect('default')
 4 SYSTEMPATH\Config\Factories.php(215): CodeIgniter\Model->__construct(null)
 5 SYSTEMPATH\Config\Factories.php(165): CodeIgniter\Config\Factories::createInstance('models', 'App\\Models\\PersonneModel', [...])
 6 SYSTEMPATH\Common.php(827): CodeIgniter\Config\Factories::__callStatic('models', [...])
 7 APPPATH\Controllers\SignupController.php(57): model('PersonneModel')
 8 SYSTEMPATH\CodeIgniter.php(919): App\Controllers\SignupController->Affiche()
 9 SYSTEMPATH\CodeIgniter.php(494): CodeIgniter\CodeIgniter->runController(Object(App\Controllers\SignupController))
10 SYSTEMPATH\CodeIgniter.php(353): CodeIgniter\CodeIgniter->handleRequest(null, Object(Config\Cache), false)
11 FCPATH\index.php(79): CodeIgniter\CodeIgniter->run()
12 SYSTEMPATH\Commands\Server\rewrite.php(47): require_once('C:\\laragon\\www\\FORMULAIRE\\public\\index.php')
ERROR - 2024-02-05 15:04:22 --> Error connecting to the database: Error: Call to undefined function CodeIgniter\Database\SQLSRV\sqlsrv_configure() in C:\laragon\www\FORMULAIRE\system\Database\SQLSRV\Connection.php:128
Stack trace:
#0 C:\laragon\www\FORMULAIRE\system\Database\BaseConnection.php(391): CodeIgniter\Database\SQLSRV\Connection->connect(false)
#1 C:\laragon\www\FORMULAIRE\system\Database\BaseConnection.php(574): CodeIgniter\Database\BaseConnection->initialize()
#2 C:\laragon\www\FORMULAIRE\system\Database\SQLSRV\Builder.php(610): CodeIgniter\Database\BaseConnection->query('SELECT *\nFROM "...', Array, false)
#3 C:\laragon\www\FORMULAIRE\system\Model.php(237): CodeIgniter\Database\SQLSRV\Builder->get()
#4 C:\laragon\www\FORMULAIRE\system\BaseModel.php(624): CodeIgniter\Model->doFindAll(0, 0)
#5 C:\laragon\www\FORMULAIRE\app\Controllers\SignupController.php(58): CodeIgniter\BaseModel->findAll()
#6 C:\laragon\www\FORMULAIRE\system\CodeIgniter.php(919): App\Controllers\SignupController->Affiche()
#7 C:\laragon\www\FORMULAIRE\system\CodeIgniter.php(494): CodeIgniter\CodeIgniter->runController(Object(App\Controllers\SignupController))
#8 C:\laragon\www\FORMULAIRE\system\CodeIgniter.php(353): CodeIgniter\CodeIgniter->handleRequest(NULL, Object(Config\Cache), false)
#9 C:\laragon\www\FORMULAIRE\public\index.php(79): CodeIgniter\CodeIgniter->run()
#10 C:\laragon\www\FORMULAIRE\system\Commands\Server\rewrite.php(47): require_once('C:\\laragon\\www\\...')
#11 {main}
CRITICAL - 2024-02-05 15:04:22 --> Unable to connect to the database.
Main connection [SQLSRV]: Call to undefined function CodeIgniter\Database\SQLSRV\sqlsrv_configure()
in SYSTEMPATH\Database\BaseConnection.php on line 427.
 1 SYSTEMPATH\Database\BaseConnection.php(574): CodeIgniter\Database\BaseConnection->initialize()
 2 SYSTEMPATH\Database\SQLSRV\Builder.php(610): CodeIgniter\Database\BaseConnection->query('SELECT *
FROM "FORMULAIRE"."dbo"."FORMULAIRE"', [], false)
 3 SYSTEMPATH\Model.php(237): CodeIgniter\Database\SQLSRV\Builder->get()
 4 SYSTEMPATH\BaseModel.php(624): CodeIgniter\Model->doFindAll(0, 0)
 5 APPPATH\Controllers\SignupController.php(58): CodeIgniter\BaseModel->findAll()
 6 SYSTEMPATH\CodeIgniter.php(919): App\Controllers\SignupController->Affiche()
 7 SYSTEMPATH\CodeIgniter.php(494): CodeIgniter\CodeIgniter->runController(Object(App\Controllers\SignupController))
 8 SYSTEMPATH\CodeIgniter.php(353): CodeIgniter\CodeIgniter->handleRequest(null, Object(Config\Cache), false)
 9 FCPATH\index.php(79): CodeIgniter\CodeIgniter->run()
10 SYSTEMPATH\Commands\Server\rewrite.php(47): require_once('C:\\laragon\\www\\FORMULAIRE\\public\\index.php')
ERROR - 2024-02-05 15:49:33 --> Error connecting to the database: Error: Call to undefined function CodeIgniter\Database\SQLSRV\sqlsrv_configure() in C:\laragon\www\FORMULAIRE\system\Database\SQLSRV\Connection.php:128
Stack trace:
#0 C:\laragon\www\FORMULAIRE\system\Database\BaseConnection.php(391): CodeIgniter\Database\SQLSRV\Connection->connect(false)
#1 C:\laragon\www\FORMULAIRE\system\Database\BaseConnection.php(574): CodeIgniter\Database\BaseConnection->initialize()
#2 C:\laragon\www\FORMULAIRE\system\Database\SQLSRV\Builder.php(610): CodeIgniter\Database\BaseConnection->query('SELECT *\nFROM "...', Array, false)
#3 C:\laragon\www\FORMULAIRE\system\Model.php(237): CodeIgniter\Database\SQLSRV\Builder->get()
#4 C:\laragon\www\FORMULAIRE\system\BaseModel.php(624): CodeIgniter\Model->doFindAll(0, 0)
#5 C:\laragon\www\FORMULAIRE\app\Controllers\SignupController.php(58): CodeIgniter\BaseModel->findAll()
#6 C:\laragon\www\FORMULAIRE\system\CodeIgniter.php(919): App\Controllers\SignupController->Affiche()
#7 C:\laragon\www\FORMULAIRE\system\CodeIgniter.php(494): CodeIgniter\CodeIgniter->runController(Object(App\Controllers\SignupController))
#8 C:\laragon\www\FORMULAIRE\system\CodeIgniter.php(353): CodeIgniter\CodeIgniter->handleRequest(NULL, Object(Config\Cache), false)
#9 C:\laragon\www\FORMULAIRE\public\index.php(79): CodeIgniter\CodeIgniter->run()
#10 C:\laragon\www\FORMULAIRE\system\Commands\Server\rewrite.php(47): require_once('C:\\laragon\\www\\...')
#11 {main}
CRITICAL - 2024-02-05 15:49:33 --> Unable to connect to the database.
Main connection [SQLSRV]: Call to undefined function CodeIgniter\Database\SQLSRV\sqlsrv_configure()
in SYSTEMPATH\Database\BaseConnection.php on line 427.
 1 SYSTEMPATH\Database\BaseConnection.php(574): CodeIgniter\Database\BaseConnection->initialize()
 2 SYSTEMPATH\Database\SQLSRV\Builder.php(610): CodeIgniter\Database\BaseConnection->query('SELECT *
FROM "FORMULAIRE"."dbo"."FORMULAIRE"', [], false)
 3 SYSTEMPATH\Model.php(237): CodeIgniter\Database\SQLSRV\Builder->get()
 4 SYSTEMPATH\BaseModel.php(624): CodeIgniter\Model->doFindAll(0, 0)
 5 APPPATH\Controllers\SignupController.php(58): CodeIgniter\BaseModel->findAll()
 6 SYSTEMPATH\CodeIgniter.php(919): App\Controllers\SignupController->Affiche()
 7 SYSTEMPATH\CodeIgniter.php(494): CodeIgniter\CodeIgniter->runController(Object(App\Controllers\SignupController))
 8 SYSTEMPATH\CodeIgniter.php(353): CodeIgniter\CodeIgniter->handleRequest(null, Object(Config\Cache), false)
 9 FCPATH\index.php(79): CodeIgniter\CodeIgniter->run()
10 SYSTEMPATH\Commands\Server\rewrite.php(47): require_once('C:\\laragon\\www\\FORMULAIRE\\public\\index.php')
ERROR - 2024-02-05 15:49:48 --> Error connecting to the database: Error: Call to undefined function CodeIgniter\Database\SQLSRV\sqlsrv_configure() in C:\laragon\www\FORMULAIRE\system\Database\SQLSRV\Connection.php:128
Stack trace:
#0 C:\laragon\www\FORMULAIRE\system\Database\BaseConnection.php(391): CodeIgniter\Database\SQLSRV\Connection->connect(false)
#1 C:\laragon\www\FORMULAIRE\system\Database\BaseConnection.php(574): CodeIgniter\Database\BaseConnection->initialize()
#2 C:\laragon\www\FORMULAIRE\system\Database\SQLSRV\Builder.php(610): CodeIgniter\Database\BaseConnection->query('SELECT *\nFROM "...', Array, false)
#3 C:\laragon\www\FORMULAIRE\system\Model.php(237): CodeIgniter\Database\SQLSRV\Builder->get()
#4 C:\laragon\www\FORMULAIRE\system\BaseModel.php(624): CodeIgniter\Model->doFindAll(0, 0)
#5 C:\laragon\www\FORMULAIRE\app\Controllers\SignupController.php(58): CodeIgniter\BaseModel->findAll()
#6 C:\laragon\www\FORMULAIRE\system\CodeIgniter.php(919): App\Controllers\SignupController->Affiche()
#7 C:\laragon\www\FORMULAIRE\system\CodeIgniter.php(494): CodeIgniter\CodeIgniter->runController(Object(App\Controllers\SignupController))
#8 C:\laragon\www\FORMULAIRE\system\CodeIgniter.php(353): CodeIgniter\CodeIgniter->handleRequest(NULL, Object(Config\Cache), false)
#9 C:\laragon\www\FORMULAIRE\public\index.php(79): CodeIgniter\CodeIgniter->run()
#10 C:\laragon\www\FORMULAIRE\system\Commands\Server\rewrite.php(47): require_once('C:\\laragon\\www\\...')
#11 {main}
CRITICAL - 2024-02-05 15:49:48 --> Unable to connect to the database.
Main connection [SQLSRV]: Call to undefined function CodeIgniter\Database\SQLSRV\sqlsrv_configure()
in SYSTEMPATH\Database\BaseConnection.php on line 427.
 1 SYSTEMPATH\Database\BaseConnection.php(574): CodeIgniter\Database\BaseConnection->initialize()
 2 SYSTEMPATH\Database\SQLSRV\Builder.php(610): CodeIgniter\Database\BaseConnection->query('SELECT *
FROM "FORMULAIRE"."dbo"."FORMULAIRE"', [], false)
 3 SYSTEMPATH\Model.php(237): CodeIgniter\Database\SQLSRV\Builder->get()
 4 SYSTEMPATH\BaseModel.php(624): CodeIgniter\Model->doFindAll(0, 0)
 5 APPPATH\Controllers\SignupController.php(58): CodeIgniter\BaseModel->findAll()
 6 SYSTEMPATH\CodeIgniter.php(919): App\Controllers\SignupController->Affiche()
 7 SYSTEMPATH\CodeIgniter.php(494): CodeIgniter\CodeIgniter->runController(Object(App\Controllers\SignupController))
 8 SYSTEMPATH\CodeIgniter.php(353): CodeIgniter\CodeIgniter->handleRequest(null, Object(Config\Cache), false)
 9 FCPATH\index.php(79): CodeIgniter\CodeIgniter->run()
10 SYSTEMPATH\Commands\Server\rewrite.php(47): require_once('C:\\laragon\\www\\FORMULAIRE\\public\\index.php')
ERROR - 2024-02-05 15:50:42 --> Error connecting to the database: Error: Call to undefined function CodeIgniter\Database\SQLSRV\sqlsrv_configure() in C:\laragon\www\FORMULAIRE\system\Database\SQLSRV\Connection.php:128
Stack trace:
#0 C:\laragon\www\FORMULAIRE\system\Database\BaseConnection.php(391): CodeIgniter\Database\SQLSRV\Connection->connect(false)
#1 C:\laragon\www\FORMULAIRE\system\Database\BaseConnection.php(574): CodeIgniter\Database\BaseConnection->initialize()
#2 C:\laragon\www\FORMULAIRE\system\Database\SQLSRV\Builder.php(610): CodeIgniter\Database\BaseConnection->query('SELECT *\nFROM "...', Array, false)
#3 C:\laragon\www\FORMULAIRE\system\Model.php(237): CodeIgniter\Database\SQLSRV\Builder->get()
#4 C:\laragon\www\FORMULAIRE\system\BaseModel.php(624): CodeIgniter\Model->doFindAll(0, 0)
#5 C:\laragon\www\FORMULAIRE\app\Controllers\SignupController.php(58): CodeIgniter\BaseModel->findAll()
#6 C:\laragon\www\FORMULAIRE\system\CodeIgniter.php(919): App\Controllers\SignupController->Affiche()
#7 C:\laragon\www\FORMULAIRE\system\CodeIgniter.php(494): CodeIgniter\CodeIgniter->runController(Object(App\Controllers\SignupController))
#8 C:\laragon\www\FORMULAIRE\system\CodeIgniter.php(353): CodeIgniter\CodeIgniter->handleRequest(NULL, Object(Config\Cache), false)
#9 C:\laragon\www\FORMULAIRE\public\index.php(79): CodeIgniter\CodeIgniter->run()
#10 C:\laragon\www\FORMULAIRE\system\Commands\Server\rewrite.php(47): require_once('C:\\laragon\\www\\...')
#11 {main}
CRITICAL - 2024-02-05 15:50:42 --> Unable to connect to the database.
Main connection [SQLSRV]: Call to undefined function CodeIgniter\Database\SQLSRV\sqlsrv_configure()
in SYSTEMPATH\Database\BaseConnection.php on line 427.
 1 SYSTEMPATH\Database\BaseConnection.php(574): CodeIgniter\Database\BaseConnection->initialize()
 2 SYSTEMPATH\Database\SQLSRV\Builder.php(610): CodeIgniter\Database\BaseConnection->query('SELECT *
FROM "FORMULAIRE"."dbo"."FORMULAIRE"', [], false)
 3 SYSTEMPATH\Model.php(237): CodeIgniter\Database\SQLSRV\Builder->get()
 4 SYSTEMPATH\BaseModel.php(624): CodeIgniter\Model->doFindAll(0, 0)
 5 APPPATH\Controllers\SignupController.php(58): CodeIgniter\BaseModel->findAll()
 6 SYSTEMPATH\CodeIgniter.php(919): App\Controllers\SignupController->Affiche()
 7 SYSTEMPATH\CodeIgniter.php(494): CodeIgniter\CodeIgniter->runController(Object(App\Controllers\SignupController))
 8 SYSTEMPATH\CodeIgniter.php(353): CodeIgniter\CodeIgniter->handleRequest(null, Object(Config\Cache), false)
 9 FCPATH\index.php(79): CodeIgniter\CodeIgniter->run()
10 SYSTEMPATH\Commands\Server\rewrite.php(47): require_once('C:\\laragon\\www\\FORMULAIRE\\public\\index.php')
ERROR - 2024-02-05 15:51:09 --> Error connecting to the database: Error: Call to undefined function CodeIgniter\Database\SQLSRV\sqlsrv_configure() in C:\laragon\www\FORMULAIRE\system\Database\SQLSRV\Connection.php:128
Stack trace:
#0 C:\laragon\www\FORMULAIRE\system\Database\BaseConnection.php(391): CodeIgniter\Database\SQLSRV\Connection->connect(false)
#1 C:\laragon\www\FORMULAIRE\system\Database\BaseConnection.php(574): CodeIgniter\Database\BaseConnection->initialize()
#2 C:\laragon\www\FORMULAIRE\system\Database\SQLSRV\Builder.php(610): CodeIgniter\Database\BaseConnection->query('SELECT *\nFROM "...', Array, false)
#3 C:\laragon\www\FORMULAIRE\system\Model.php(237): CodeIgniter\Database\SQLSRV\Builder->get()
#4 C:\laragon\www\FORMULAIRE\system\BaseModel.php(624): CodeIgniter\Model->doFindAll(0, 0)
#5 C:\laragon\www\FORMULAIRE\app\Controllers\SignupController.php(58): CodeIgniter\BaseModel->findAll()
#6 C:\laragon\www\FORMULAIRE\system\CodeIgniter.php(919): App\Controllers\SignupController->Affiche()
#7 C:\laragon\www\FORMULAIRE\system\CodeIgniter.php(494): CodeIgniter\CodeIgniter->runController(Object(App\Controllers\SignupController))
#8 C:\laragon\www\FORMULAIRE\system\CodeIgniter.php(353): CodeIgniter\CodeIgniter->handleRequest(NULL, Object(Config\Cache), false)
#9 C:\laragon\www\FORMULAIRE\public\index.php(79): CodeIgniter\CodeIgniter->run()
#10 C:\laragon\www\FORMULAIRE\system\Commands\Server\rewrite.php(47): require_once('C:\\laragon\\www\\...')
#11 {main}
CRITICAL - 2024-02-05 15:51:09 --> Unable to connect to the database.
Main connection [SQLSRV]: Call to undefined function CodeIgniter\Database\SQLSRV\sqlsrv_configure()
in SYSTEMPATH\Database\BaseConnection.php on line 427.
 1 SYSTEMPATH\Database\BaseConnection.php(574): CodeIgniter\Database\BaseConnection->initialize()
 2 SYSTEMPATH\Database\SQLSRV\Builder.php(610): CodeIgniter\Database\BaseConnection->query('SELECT *
FROM "FORMULAIRE"."dbo"."FORMULAIRE"', [], false)
 3 SYSTEMPATH\Model.php(237): CodeIgniter\Database\SQLSRV\Builder->get()
 4 SYSTEMPATH\BaseModel.php(624): CodeIgniter\Model->doFindAll(0, 0)
 5 APPPATH\Controllers\SignupController.php(58): CodeIgniter\BaseModel->findAll()
 6 SYSTEMPATH\CodeIgniter.php(919): App\Controllers\SignupController->Affiche()
 7 SYSTEMPATH\CodeIgniter.php(494): CodeIgniter\CodeIgniter->runController(Object(App\Controllers\SignupController))
 8 SYSTEMPATH\CodeIgniter.php(353): CodeIgniter\CodeIgniter->handleRequest(null, Object(Config\Cache), false)
 9 FCPATH\index.php(79): CodeIgniter\CodeIgniter->run()
10 SYSTEMPATH\Commands\Server\rewrite.php(47): require_once('C:\\laragon\\www\\FORMULAIRE\\public\\index.php')
ERROR - 2024-02-05 15:51:46 --> Error connecting to the database: Error: Call to undefined function CodeIgniter\Database\SQLSRV\sqlsrv_configure() in C:\laragon\www\FORMULAIRE\system\Database\SQLSRV\Connection.php:128
Stack trace:
#0 C:\laragon\www\FORMULAIRE\system\Database\BaseConnection.php(391): CodeIgniter\Database\SQLSRV\Connection->connect(false)
#1 C:\laragon\www\FORMULAIRE\system\Database\BaseConnection.php(574): CodeIgniter\Database\BaseConnection->initialize()
#2 C:\laragon\www\FORMULAIRE\system\Database\SQLSRV\Builder.php(610): CodeIgniter\Database\BaseConnection->query('SELECT *\nFROM "...', Array, false)
#3 C:\laragon\www\FORMULAIRE\system\Model.php(237): CodeIgniter\Database\SQLSRV\Builder->get()
#4 C:\laragon\www\FORMULAIRE\system\BaseModel.php(624): CodeIgniter\Model->doFindAll(0, 0)
#5 C:\laragon\www\FORMULAIRE\app\Controllers\SignupController.php(58): CodeIgniter\BaseModel->findAll()
#6 C:\laragon\www\FORMULAIRE\system\CodeIgniter.php(919): App\Controllers\SignupController->Affiche()
#7 C:\laragon\www\FORMULAIRE\system\CodeIgniter.php(494): CodeIgniter\CodeIgniter->runController(Object(App\Controllers\SignupController))
#8 C:\laragon\www\FORMULAIRE\system\CodeIgniter.php(353): CodeIgniter\CodeIgniter->handleRequest(NULL, Object(Config\Cache), false)
#9 C:\laragon\www\FORMULAIRE\public\index.php(79): CodeIgniter\CodeIgniter->run()
#10 C:\laragon\www\FORMULAIRE\system\Commands\Server\rewrite.php(47): require_once('C:\\laragon\\www\\...')
#11 {main}
CRITICAL - 2024-02-05 15:51:46 --> Unable to connect to the database.
Main connection [SQLSRV]: Call to undefined function CodeIgniter\Database\SQLSRV\sqlsrv_configure()
in SYSTEMPATH\Database\BaseConnection.php on line 427.
 1 SYSTEMPATH\Database\BaseConnection.php(574): CodeIgniter\Database\BaseConnection->initialize()
 2 SYSTEMPATH\Database\SQLSRV\Builder.php(610): CodeIgniter\Database\BaseConnection->query('SELECT *
FROM "FORMULAIRE"."dbo"."FORMULAIRE"', [], false)
 3 SYSTEMPATH\Model.php(237): CodeIgniter\Database\SQLSRV\Builder->get()
 4 SYSTEMPATH\BaseModel.php(624): CodeIgniter\Model->doFindAll(0, 0)
 5 APPPATH\Controllers\SignupController.php(58): CodeIgniter\BaseModel->findAll()
 6 SYSTEMPATH\CodeIgniter.php(919): App\Controllers\SignupController->Affiche()
 7 SYSTEMPATH\CodeIgniter.php(494): CodeIgniter\CodeIgniter->runController(Object(App\Controllers\SignupController))
 8 SYSTEMPATH\CodeIgniter.php(353): CodeIgniter\CodeIgniter->handleRequest(null, Object(Config\Cache), false)
 9 FCPATH\index.php(79): CodeIgniter\CodeIgniter->run()
10 SYSTEMPATH\Commands\Server\rewrite.php(47): require_once('C:\\laragon\\www\\FORMULAIRE\\public\\index.php')
ERROR - 2024-02-05 15:52:17 --> mysqli_sql_exception: Table 'formulaire.formulaire' doesn't exist in C:\laragon\www\FORMULAIRE\system\Database\MySQLi\Connection.php:306
Stack trace:
#0 C:\laragon\www\FORMULAIRE\system\Database\MySQLi\Connection.php(306): mysqli->query('SELECT *\nFROM `...', 0)
#1 C:\laragon\www\FORMULAIRE\system\Database\BaseConnection.php(692): CodeIgniter\Database\MySQLi\Connection->execute('SELECT *\nFROM `...')
#2 C:\laragon\www\FORMULAIRE\system\Database\BaseConnection.php(606): CodeIgniter\Database\BaseConnection->simpleQuery('SELECT *\nFROM `...')
#3 C:\laragon\www\FORMULAIRE\system\Database\BaseBuilder.php(1615): CodeIgniter\Database\BaseConnection->query('SELECT *\nFROM `...', Array, false)
#4 C:\laragon\www\FORMULAIRE\system\Model.php(237): CodeIgniter\Database\BaseBuilder->get()
#5 C:\laragon\www\FORMULAIRE\system\BaseModel.php(624): CodeIgniter\Model->doFindAll(0, 0)
#6 C:\laragon\www\FORMULAIRE\app\Controllers\SignupController.php(58): CodeIgniter\BaseModel->findAll()
#7 C:\laragon\www\FORMULAIRE\system\CodeIgniter.php(919): App\Controllers\SignupController->Affiche()
#8 C:\laragon\www\FORMULAIRE\system\CodeIgniter.php(494): CodeIgniter\CodeIgniter->runController(Object(App\Controllers\SignupController))
#9 C:\laragon\www\FORMULAIRE\system\CodeIgniter.php(353): CodeIgniter\CodeIgniter->handleRequest(NULL, Object(Config\Cache), false)
#10 C:\laragon\www\FORMULAIRE\public\index.php(79): CodeIgniter\CodeIgniter->run()
#11 C:\laragon\www\FORMULAIRE\system\Commands\Server\rewrite.php(47): require_once('C:\\laragon\\www\\...')
#12 {main}
CRITICAL - 2024-02-05 15:52:17 --> Table 'formulaire.formulaire' doesn't exist
in SYSTEMPATH\Database\BaseConnection.php on line 646.
 1 SYSTEMPATH\Database\BaseBuilder.php(1615): CodeIgniter\Database\BaseConnection->query('SELECT *
FROM `FORMULAIRE`', [], false)
 2 SYSTEMPATH\Model.php(237): CodeIgniter\Database\BaseBuilder->get()
 3 SYSTEMPATH\BaseModel.php(624): CodeIgniter\Model->doFindAll(0, 0)
 4 APPPATH\Controllers\SignupController.php(58): CodeIgniter\BaseModel->findAll()
 5 SYSTEMPATH\CodeIgniter.php(919): App\Controllers\SignupController->Affiche()
 6 SYSTEMPATH\CodeIgniter.php(494): CodeIgniter\CodeIgniter->runController(Object(App\Controllers\SignupController))
 7 SYSTEMPATH\CodeIgniter.php(353): CodeIgniter\CodeIgniter->handleRequest(null, Object(Config\Cache), false)
 8 FCPATH\index.php(79): CodeIgniter\CodeIgniter->run()
 9 SYSTEMPATH\Commands\Server\rewrite.php(47): require_once('C:\\laragon\\www\\FORMULAIRE\\public\\index.php')
ERROR - 2024-02-05 15:52:29 --> mysqli_sql_exception: Table 'formulaire.formulaire' doesn't exist in C:\laragon\www\FORMULAIRE\system\Database\MySQLi\Connection.php:306
Stack trace:
#0 C:\laragon\www\FORMULAIRE\system\Database\MySQLi\Connection.php(306): mysqli->query('SELECT *\nFROM `...', 0)
#1 C:\laragon\www\FORMULAIRE\system\Database\BaseConnection.php(692): CodeIgniter\Database\MySQLi\Connection->execute('SELECT *\nFROM `...')
#2 C:\laragon\www\FORMULAIRE\system\Database\BaseConnection.php(606): CodeIgniter\Database\BaseConnection->simpleQuery('SELECT *\nFROM `...')
#3 C:\laragon\www\FORMULAIRE\system\Database\BaseBuilder.php(1615): CodeIgniter\Database\BaseConnection->query('SELECT *\nFROM `...', Array, false)
#4 C:\laragon\www\FORMULAIRE\system\Model.php(237): CodeIgniter\Database\BaseBuilder->get()
#5 C:\laragon\www\FORMULAIRE\system\BaseModel.php(624): CodeIgniter\Model->doFindAll(0, 0)
#6 C:\laragon\www\FORMULAIRE\app\Controllers\SignupController.php(58): CodeIgniter\BaseModel->findAll()
#7 C:\laragon\www\FORMULAIRE\system\CodeIgniter.php(919): App\Controllers\SignupController->Affiche()
#8 C:\laragon\www\FORMULAIRE\system\CodeIgniter.php(494): CodeIgniter\CodeIgniter->runController(Object(App\Controllers\SignupController))
#9 C:\laragon\www\FORMULAIRE\system\CodeIgniter.php(353): CodeIgniter\CodeIgniter->handleRequest(NULL, Object(Config\Cache), false)
#10 C:\laragon\www\FORMULAIRE\public\index.php(79): CodeIgniter\CodeIgniter->run()
#11 C:\laragon\www\FORMULAIRE\system\Commands\Server\rewrite.php(47): require_once('C:\\laragon\\www\\...')
#12 {main}
CRITICAL - 2024-02-05 15:52:29 --> Table 'formulaire.formulaire' doesn't exist
in SYSTEMPATH\Database\BaseConnection.php on line 646.
 1 SYSTEMPATH\Database\BaseBuilder.php(1615): CodeIgniter\Database\BaseConnection->query('SELECT *
FROM `FORMULAIRE`', [], false)
 2 SYSTEMPATH\Model.php(237): CodeIgniter\Database\BaseBuilder->get()
 3 SYSTEMPATH\BaseModel.php(624): CodeIgniter\Model->doFindAll(0, 0)
 4 APPPATH\Controllers\SignupController.php(58): CodeIgniter\BaseModel->findAll()
 5 SYSTEMPATH\CodeIgniter.php(919): App\Controllers\SignupController->Affiche()
 6 SYSTEMPATH\CodeIgniter.php(494): CodeIgniter\CodeIgniter->runController(Object(App\Controllers\SignupController))
 7 SYSTEMPATH\CodeIgniter.php(353): CodeIgniter\CodeIgniter->handleRequest(null, Object(Config\Cache), false)
 8 FCPATH\index.php(79): CodeIgniter\CodeIgniter->run()
 9 SYSTEMPATH\Commands\Server\rewrite.php(47): require_once('C:\\laragon\\www\\FORMULAIRE\\public\\index.php')
ERROR - 2024-02-05 15:52:52 --> Error connecting to the database: Error: Call to undefined function CodeIgniter\Database\SQLSRV\sqlsrv_configure() in C:\laragon\www\FORMULAIRE\system\Database\SQLSRV\Connection.php:128
Stack trace:
#0 C:\laragon\www\FORMULAIRE\system\Database\BaseConnection.php(391): CodeIgniter\Database\SQLSRV\Connection->connect(false)
#1 C:\laragon\www\FORMULAIRE\system\Database\BaseConnection.php(574): CodeIgniter\Database\BaseConnection->initialize()
#2 C:\laragon\www\FORMULAIRE\system\Database\SQLSRV\Builder.php(610): CodeIgniter\Database\BaseConnection->query('SELECT *\nFROM "...', Array, false)
#3 C:\laragon\www\FORMULAIRE\system\Model.php(237): CodeIgniter\Database\SQLSRV\Builder->get()
#4 C:\laragon\www\FORMULAIRE\system\BaseModel.php(624): CodeIgniter\Model->doFindAll(0, 0)
#5 C:\laragon\www\FORMULAIRE\app\Controllers\SignupController.php(58): CodeIgniter\BaseModel->findAll()
#6 C:\laragon\www\FORMULAIRE\system\CodeIgniter.php(919): App\Controllers\SignupController->Affiche()
#7 C:\laragon\www\FORMULAIRE\system\CodeIgniter.php(494): CodeIgniter\CodeIgniter->runController(Object(App\Controllers\SignupController))
#8 C:\laragon\www\FORMULAIRE\system\CodeIgniter.php(353): CodeIgniter\CodeIgniter->handleRequest(NULL, Object(Config\Cache), false)
#9 C:\laragon\www\FORMULAIRE\public\index.php(79): CodeIgniter\CodeIgniter->run()
#10 C:\laragon\www\FORMULAIRE\system\Commands\Server\rewrite.php(47): require_once('C:\\laragon\\www\\...')
#11 {main}
CRITICAL - 2024-02-05 15:52:52 --> Unable to connect to the database.
Main connection [SQLSRV]: Call to undefined function CodeIgniter\Database\SQLSRV\sqlsrv_configure()
in SYSTEMPATH\Database\BaseConnection.php on line 427.
 1 SYSTEMPATH\Database\BaseConnection.php(574): CodeIgniter\Database\BaseConnection->initialize()
 2 SYSTEMPATH\Database\SQLSRV\Builder.php(610): CodeIgniter\Database\BaseConnection->query('SELECT *
FROM "formulaire"."dbo"."FORMULAIRE"', [], false)
 3 SYSTEMPATH\Model.php(237): CodeIgniter\Database\SQLSRV\Builder->get()
 4 SYSTEMPATH\BaseModel.php(624): CodeIgniter\Model->doFindAll(0, 0)
 5 APPPATH\Controllers\SignupController.php(58): CodeIgniter\BaseModel->findAll()
 6 SYSTEMPATH\CodeIgniter.php(919): App\Controllers\SignupController->Affiche()
 7 SYSTEMPATH\CodeIgniter.php(494): CodeIgniter\CodeIgniter->runController(Object(App\Controllers\SignupController))
 8 SYSTEMPATH\CodeIgniter.php(353): CodeIgniter\CodeIgniter->handleRequest(null, Object(Config\Cache), false)
 9 FCPATH\index.php(79): CodeIgniter\CodeIgniter->run()
10 SYSTEMPATH\Commands\Server\rewrite.php(47): require_once('C:\\laragon\\www\\FORMULAIRE\\public\\index.php')
ERROR - 2024-02-05 15:53:25 --> Error connecting to the database: Error: Call to undefined function CodeIgniter\Database\SQLSRV\sqlsrv_configure() in C:\laragon\www\FORMULAIRE\system\Database\SQLSRV\Connection.php:128
Stack trace:
#0 C:\laragon\www\FORMULAIRE\system\Database\BaseConnection.php(391): CodeIgniter\Database\SQLSRV\Connection->connect(false)
#1 C:\laragon\www\FORMULAIRE\system\Database\BaseConnection.php(574): CodeIgniter\Database\BaseConnection->initialize()
#2 C:\laragon\www\FORMULAIRE\system\Database\SQLSRV\Builder.php(610): CodeIgniter\Database\BaseConnection->query('SELECT *\nFROM "...', Array, false)
#3 C:\laragon\www\FORMULAIRE\system\Model.php(237): CodeIgniter\Database\SQLSRV\Builder->get()
#4 C:\laragon\www\FORMULAIRE\system\BaseModel.php(624): CodeIgniter\Model->doFindAll(0, 0)
#5 C:\laragon\www\FORMULAIRE\app\Controllers\SignupController.php(58): CodeIgniter\BaseModel->findAll()
#6 C:\laragon\www\FORMULAIRE\system\CodeIgniter.php(919): App\Controllers\SignupController->Affiche()
#7 C:\laragon\www\FORMULAIRE\system\CodeIgniter.php(494): CodeIgniter\CodeIgniter->runController(Object(App\Controllers\SignupController))
#8 C:\laragon\www\FORMULAIRE\system\CodeIgniter.php(353): CodeIgniter\CodeIgniter->handleRequest(NULL, Object(Config\Cache), false)
#9 C:\laragon\www\FORMULAIRE\public\index.php(79): CodeIgniter\CodeIgniter->run()
#10 C:\laragon\www\FORMULAIRE\system\Commands\Server\rewrite.php(47): require_once('C:\\laragon\\www\\...')
#11 {main}
CRITICAL - 2024-02-05 15:53:25 --> Unable to connect to the database.
Main connection [SQLSRV]: Call to undefined function CodeIgniter\Database\SQLSRV\sqlsrv_configure()
in SYSTEMPATH\Database\BaseConnection.php on line 427.
 1 SYSTEMPATH\Database\BaseConnection.php(574): CodeIgniter\Database\BaseConnection->initialize()
 2 SYSTEMPATH\Database\SQLSRV\Builder.php(610): CodeIgniter\Database\BaseConnection->query('SELECT *
FROM "FORMULAIRE"."dbo"."FORMULAIRE"', [], false)
 3 SYSTEMPATH\Model.php(237): CodeIgniter\Database\SQLSRV\Builder->get()
 4 SYSTEMPATH\BaseModel.php(624): CodeIgniter\Model->doFindAll(0, 0)
 5 APPPATH\Controllers\SignupController.php(58): CodeIgniter\BaseModel->findAll()
 6 SYSTEMPATH\CodeIgniter.php(919): App\Controllers\SignupController->Affiche()
 7 SYSTEMPATH\CodeIgniter.php(494): CodeIgniter\CodeIgniter->runController(Object(App\Controllers\SignupController))
 8 SYSTEMPATH\CodeIgniter.php(353): CodeIgniter\CodeIgniter->handleRequest(null, Object(Config\Cache), false)
 9 FCPATH\index.php(79): CodeIgniter\CodeIgniter->run()
10 SYSTEMPATH\Commands\Server\rewrite.php(47): require_once('C:\\laragon\\www\\FORMULAIRE\\public\\index.php')
ERROR - 2024-02-05 15:53:36 --> Error connecting to the database: Error: Call to undefined function CodeIgniter\Database\SQLSRV\sqlsrv_configure() in C:\laragon\www\FORMULAIRE\system\Database\SQLSRV\Connection.php:128
Stack trace:
#0 C:\laragon\www\FORMULAIRE\system\Database\BaseConnection.php(391): CodeIgniter\Database\SQLSRV\Connection->connect(false)
#1 C:\laragon\www\FORMULAIRE\system\Database\BaseConnection.php(574): CodeIgniter\Database\BaseConnection->initialize()
#2 C:\laragon\www\FORMULAIRE\system\Database\SQLSRV\Builder.php(610): CodeIgniter\Database\BaseConnection->query('SELECT *\nFROM "...', Array, false)
#3 C:\laragon\www\FORMULAIRE\system\Model.php(237): CodeIgniter\Database\SQLSRV\Builder->get()
#4 C:\laragon\www\FORMULAIRE\system\BaseModel.php(624): CodeIgniter\Model->doFindAll(0, 0)
#5 C:\laragon\www\FORMULAIRE\app\Controllers\SignupController.php(58): CodeIgniter\BaseModel->findAll()
#6 C:\laragon\www\FORMULAIRE\system\CodeIgniter.php(919): App\Controllers\SignupController->Affiche()
#7 C:\laragon\www\FORMULAIRE\system\CodeIgniter.php(494): CodeIgniter\CodeIgniter->runController(Object(App\Controllers\SignupController))
#8 C:\laragon\www\FORMULAIRE\system\CodeIgniter.php(353): CodeIgniter\CodeIgniter->handleRequest(NULL, Object(Config\Cache), false)
#9 C:\laragon\www\FORMULAIRE\public\index.php(79): CodeIgniter\CodeIgniter->run()
#10 C:\laragon\www\FORMULAIRE\system\Commands\Server\rewrite.php(47): require_once('C:\\laragon\\www\\...')
#11 {main}
CRITICAL - 2024-02-05 15:53:36 --> Unable to connect to the database.
Main connection [SQLSRV]: Call to undefined function CodeIgniter\Database\SQLSRV\sqlsrv_configure()
in SYSTEMPATH\Database\BaseConnection.php on line 427.
 1 SYSTEMPATH\Database\BaseConnection.php(574): CodeIgniter\Database\BaseConnection->initialize()
 2 SYSTEMPATH\Database\SQLSRV\Builder.php(610): CodeIgniter\Database\BaseConnection->query('SELECT *
FROM "FORMULAIRE"."dbo"."FORMULAIRE"', [], false)
 3 SYSTEMPATH\Model.php(237): CodeIgniter\Database\SQLSRV\Builder->get()
 4 SYSTEMPATH\BaseModel.php(624): CodeIgniter\Model->doFindAll(0, 0)
 5 APPPATH\Controllers\SignupController.php(58): CodeIgniter\BaseModel->findAll()
 6 SYSTEMPATH\CodeIgniter.php(919): App\Controllers\SignupController->Affiche()
 7 SYSTEMPATH\CodeIgniter.php(494): CodeIgniter\CodeIgniter->runController(Object(App\Controllers\SignupController))
 8 SYSTEMPATH\CodeIgniter.php(353): CodeIgniter\CodeIgniter->handleRequest(null, Object(Config\Cache), false)
 9 FCPATH\index.php(79): CodeIgniter\CodeIgniter->run()
10 SYSTEMPATH\Commands\Server\rewrite.php(47): require_once('C:\\laragon\\www\\FORMULAIRE\\public\\index.php')
ERROR - 2024-02-05 15:53:48 --> mysqli_sql_exception: Table 'formulaire.formulaire' doesn't exist in C:\laragon\www\FORMULAIRE\system\Database\MySQLi\Connection.php:306
Stack trace:
#0 C:\laragon\www\FORMULAIRE\system\Database\MySQLi\Connection.php(306): mysqli->query('SELECT *\nFROM `...', 0)
#1 C:\laragon\www\FORMULAIRE\system\Database\BaseConnection.php(692): CodeIgniter\Database\MySQLi\Connection->execute('SELECT *\nFROM `...')
#2 C:\laragon\www\FORMULAIRE\system\Database\BaseConnection.php(606): CodeIgniter\Database\BaseConnection->simpleQuery('SELECT *\nFROM `...')
#3 C:\laragon\www\FORMULAIRE\system\Database\BaseBuilder.php(1615): CodeIgniter\Database\BaseConnection->query('SELECT *\nFROM `...', Array, false)
#4 C:\laragon\www\FORMULAIRE\system\Model.php(237): CodeIgniter\Database\BaseBuilder->get()
#5 C:\laragon\www\FORMULAIRE\system\BaseModel.php(624): CodeIgniter\Model->doFindAll(0, 0)
#6 C:\laragon\www\FORMULAIRE\app\Controllers\SignupController.php(58): CodeIgniter\BaseModel->findAll()
#7 C:\laragon\www\FORMULAIRE\system\CodeIgniter.php(919): App\Controllers\SignupController->Affiche()
#8 C:\laragon\www\FORMULAIRE\system\CodeIgniter.php(494): CodeIgniter\CodeIgniter->runController(Object(App\Controllers\SignupController))
#9 C:\laragon\www\FORMULAIRE\system\CodeIgniter.php(353): CodeIgniter\CodeIgniter->handleRequest(NULL, Object(Config\Cache), false)
#10 C:\laragon\www\FORMULAIRE\public\index.php(79): CodeIgniter\CodeIgniter->run()
#11 C:\laragon\www\FORMULAIRE\system\Commands\Server\rewrite.php(47): require_once('C:\\laragon\\www\\...')
#12 {main}
CRITICAL - 2024-02-05 15:53:48 --> Table 'formulaire.formulaire' doesn't exist
in SYSTEMPATH\Database\BaseConnection.php on line 646.
 1 SYSTEMPATH\Database\BaseBuilder.php(1615): CodeIgniter\Database\BaseConnection->query('SELECT *
FROM `FORMULAIRE`', [], false)
 2 SYSTEMPATH\Model.php(237): CodeIgniter\Database\BaseBuilder->get()
 3 SYSTEMPATH\BaseModel.php(624): CodeIgniter\Model->doFindAll(0, 0)
 4 APPPATH\Controllers\SignupController.php(58): CodeIgniter\BaseModel->findAll()
 5 SYSTEMPATH\CodeIgniter.php(919): App\Controllers\SignupController->Affiche()
 6 SYSTEMPATH\CodeIgniter.php(494): CodeIgniter\CodeIgniter->runController(Object(App\Controllers\SignupController))
 7 SYSTEMPATH\CodeIgniter.php(353): CodeIgniter\CodeIgniter->handleRequest(null, Object(Config\Cache), false)
 8 FCPATH\index.php(79): CodeIgniter\CodeIgniter->run()
 9 SYSTEMPATH\Commands\Server\rewrite.php(47): require_once('C:\\laragon\\www\\FORMULAIRE\\public\\index.php')
CRITICAL - 2024-02-05 16:10:39 --> file_get_contents(C:\laragon\www\FORMULAIRE\public\Signature): Failed to open stream: Permission denied
in APPPATH\Controllers\SignupController.php on line 158.
 1 [internal function]: CodeIgniter\Debug\Exceptions->errorHandler(2, 'file_get_contents(C:\\laragon\\www\\FORMULAIRE\\public\\Signature): Failed to open stream: Permission denied', 'C:\\laragon\\www\\FORMULAIRE\\app\\Controllers\\SignupController.php', 158)
 2 APPPATH\Controllers\SignupController.php(158): file_get_contents('C:\\laragon\\www\\FORMULAIRE\\public\\Signature')
 3 SYSTEMPATH\CodeIgniter.php(919): App\Controllers\SignupController->generateFileToPDF('2')
 4 SYSTEMPATH\CodeIgniter.php(494): CodeIgniter\CodeIgniter->runController(Object(App\Controllers\SignupController))
 5 SYSTEMPATH\CodeIgniter.php(353): CodeIgniter\CodeIgniter->handleRequest(null, Object(Config\Cache), false)
 6 FCPATH\index.php(79): CodeIgniter\CodeIgniter->run()
 7 SYSTEMPATH\Commands\Server\rewrite.php(47): require_once('C:\\laragon\\www\\FORMULAIRE\\public\\index.php')
CRITICAL - 2024-02-05 16:11:08 --> file_get_contents(C:\laragon\www\FORMULAIRE\public\Signature): Failed to open stream: Permission denied
in APPPATH\Controllers\SignupController.php on line 158.
 1 [internal function]: CodeIgniter\Debug\Exceptions->errorHandler(2, 'file_get_contents(C:\\laragon\\www\\FORMULAIRE\\public\\Signature): Failed to open stream: Permission denied', 'C:\\laragon\\www\\FORMULAIRE\\app\\Controllers\\SignupController.php', 158)
 2 APPPATH\Controllers\SignupController.php(158): file_get_contents('C:\\laragon\\www\\FORMULAIRE\\public\\Signature')
 3 SYSTEMPATH\CodeIgniter.php(919): App\Controllers\SignupController->generateFileToPDF('2')
 4 SYSTEMPATH\CodeIgniter.php(494): CodeIgniter\CodeIgniter->runController(Object(App\Controllers\SignupController))
 5 SYSTEMPATH\CodeIgniter.php(353): CodeIgniter\CodeIgniter->handleRequest(null, Object(Config\Cache), false)
 6 FCPATH\index.php(79): CodeIgniter\CodeIgniter->run()
 7 SYSTEMPATH\Commands\Server\rewrite.php(47): require_once('C:\\laragon\\www\\FORMULAIRE\\public\\index.php')
ERROR - 2024-02-05 16:25:52 --> mysqli_sql_exception: Table 'formulairebdd.formulairebdd' doesn't exist in C:\laragon\www\FORMULAIRE\system\Database\MySQLi\Connection.php:306
Stack trace:
#0 C:\laragon\www\FORMULAIRE\system\Database\MySQLi\Connection.php(306): mysqli->query('SELECT *\nFROM `...', 0)
#1 C:\laragon\www\FORMULAIRE\system\Database\BaseConnection.php(692): CodeIgniter\Database\MySQLi\Connection->execute('SELECT *\nFROM `...')
#2 C:\laragon\www\FORMULAIRE\system\Database\BaseConnection.php(606): CodeIgniter\Database\BaseConnection->simpleQuery('SELECT *\nFROM `...')
#3 C:\laragon\www\FORMULAIRE\system\Database\BaseBuilder.php(1615): CodeIgniter\Database\BaseConnection->query('SELECT *\nFROM `...', Array, false)
#4 C:\laragon\www\FORMULAIRE\system\Model.php(237): CodeIgniter\Database\BaseBuilder->get()
#5 C:\laragon\www\FORMULAIRE\system\BaseModel.php(624): CodeIgniter\Model->doFindAll(0, 0)
#6 C:\laragon\www\FORMULAIRE\app\Controllers\SignupController.php(58): CodeIgniter\BaseModel->findAll()
#7 C:\laragon\www\FORMULAIRE\system\CodeIgniter.php(919): App\Controllers\SignupController->Affiche()
#8 C:\laragon\www\FORMULAIRE\system\CodeIgniter.php(494): CodeIgniter\CodeIgniter->runController(Object(App\Controllers\SignupController))
#9 C:\laragon\www\FORMULAIRE\system\CodeIgniter.php(353): CodeIgniter\CodeIgniter->handleRequest(NULL, Object(Config\Cache), false)
#10 C:\laragon\www\FORMULAIRE\public\index.php(79): CodeIgniter\CodeIgniter->run()
#11 C:\laragon\www\FORMULAIRE\system\Commands\Server\rewrite.php(47): require_once('C:\\laragon\\www\\...')
#12 {main}
CRITICAL - 2024-02-05 16:25:52 --> Table 'formulairebdd.formulairebdd' doesn't exist
in SYSTEMPATH\Database\BaseConnection.php on line 646.
 1 SYSTEMPATH\Database\BaseBuilder.php(1615): CodeIgniter\Database\BaseConnection->query('SELECT *
FROM `formulairebdd`', [], false)
 2 SYSTEMPATH\Model.php(237): CodeIgniter\Database\BaseBuilder->get()
 3 SYSTEMPATH\BaseModel.php(624): CodeIgniter\Model->doFindAll(0, 0)
 4 APPPATH\Controllers\SignupController.php(58): CodeIgniter\BaseModel->findAll()
 5 SYSTEMPATH\CodeIgniter.php(919): App\Controllers\SignupController->Affiche()
 6 SYSTEMPATH\CodeIgniter.php(494): CodeIgniter\CodeIgniter->runController(Object(App\Controllers\SignupController))
 7 SYSTEMPATH\CodeIgniter.php(353): CodeIgniter\CodeIgniter->handleRequest(null, Object(Config\Cache), false)
 8 FCPATH\index.php(79): CodeIgniter\CodeIgniter->run()
 9 SYSTEMPATH\Commands\Server\rewrite.php(47): require_once('C:\\laragon\\www\\FORMULAIRE\\public\\index.php')
ERROR - 2024-02-05 16:26:19 --> Error connecting to the database: mysqli_sql_exception: Unknown database 'formulaire' in C:\laragon\www\FORMULAIRE\system\Database\MySQLi\Connection.php:185
Stack trace:
#0 C:\laragon\www\FORMULAIRE\system\Database\MySQLi\Connection.php(185): mysqli->real_connect('localhost', 'root', '', 'formulaire', 3306, '', 0)
#1 C:\laragon\www\FORMULAIRE\system\Database\BaseConnection.php(391): CodeIgniter\Database\MySQLi\Connection->connect(false)
#2 C:\laragon\www\FORMULAIRE\system\Database\BaseConnection.php(574): CodeIgniter\Database\BaseConnection->initialize()
#3 C:\laragon\www\FORMULAIRE\system\Database\BaseBuilder.php(1615): CodeIgniter\Database\BaseConnection->query('SELECT *\nFROM `...', Array, false)
#4 C:\laragon\www\FORMULAIRE\system\Model.php(237): CodeIgniter\Database\BaseBuilder->get()
#5 C:\laragon\www\FORMULAIRE\system\BaseModel.php(624): CodeIgniter\Model->doFindAll(0, 0)
#6 C:\laragon\www\FORMULAIRE\app\Controllers\SignupController.php(58): CodeIgniter\BaseModel->findAll()
#7 C:\laragon\www\FORMULAIRE\system\CodeIgniter.php(919): App\Controllers\SignupController->Affiche()
#8 C:\laragon\www\FORMULAIRE\system\CodeIgniter.php(494): CodeIgniter\CodeIgniter->runController(Object(App\Controllers\SignupController))
#9 C:\laragon\www\FORMULAIRE\system\CodeIgniter.php(353): CodeIgniter\CodeIgniter->handleRequest(NULL, Object(Config\Cache), false)
#10 C:\laragon\www\FORMULAIRE\public\index.php(79): CodeIgniter\CodeIgniter->run()
#11 C:\laragon\www\FORMULAIRE\system\Commands\Server\rewrite.php(47): require_once('C:\\laragon\\www\\...')
#12 {main}

Next CodeIgniter\Database\Exceptions\DatabaseException: Unknown database 'formulaire' in C:\laragon\www\FORMULAIRE\system\Database\MySQLi\Connection.php:229
Stack trace:
#0 C:\laragon\www\FORMULAIRE\system\Database\BaseConnection.php(391): CodeIgniter\Database\MySQLi\Connection->connect(false)
#1 C:\laragon\www\FORMULAIRE\system\Database\BaseConnection.php(574): CodeIgniter\Database\BaseConnection->initialize()
#2 C:\laragon\www\FORMULAIRE\system\Database\BaseBuilder.php(1615): CodeIgniter\Database\BaseConnection->query('SELECT *\nFROM `...', Array, false)
#3 C:\laragon\www\FORMULAIRE\system\Model.php(237): CodeIgniter\Database\BaseBuilder->get()
#4 C:\laragon\www\FORMULAIRE\system\BaseModel.php(624): CodeIgniter\Model->doFindAll(0, 0)
#5 C:\laragon\www\FORMULAIRE\app\Controllers\SignupController.php(58): CodeIgniter\BaseModel->findAll()
#6 C:\laragon\www\FORMULAIRE\system\CodeIgniter.php(919): App\Controllers\SignupController->Affiche()
#7 C:\laragon\www\FORMULAIRE\system\CodeIgniter.php(494): CodeIgniter\CodeIgniter->runController(Object(App\Controllers\SignupController))
#8 C:\laragon\www\FORMULAIRE\system\CodeIgniter.php(353): CodeIgniter\CodeIgniter->handleRequest(NULL, Object(Config\Cache), false)
#9 C:\laragon\www\FORMULAIRE\public\index.php(79): CodeIgniter\CodeIgniter->run()
#10 C:\laragon\www\FORMULAIRE\system\Commands\Server\rewrite.php(47): require_once('C:\\laragon\\www\\...')
#11 {main}
CRITICAL - 2024-02-05 16:26:19 --> Unable to connect to the database.
Main connection [MySQLi]: Unknown database 'formulaire'
in SYSTEMPATH\Database\BaseConnection.php on line 427.
 1 SYSTEMPATH\Database\BaseConnection.php(574): CodeIgniter\Database\BaseConnection->initialize()
 2 SYSTEMPATH\Database\BaseBuilder.php(1615): CodeIgniter\Database\BaseConnection->query('SELECT *
FROM `formulairebdd`', [], false)
 3 SYSTEMPATH\Model.php(237): CodeIgniter\Database\BaseBuilder->get()
 4 SYSTEMPATH\BaseModel.php(624): CodeIgniter\Model->doFindAll(0, 0)
 5 APPPATH\Controllers\SignupController.php(58): CodeIgniter\BaseModel->findAll()
 6 SYSTEMPATH\CodeIgniter.php(919): App\Controllers\SignupController->Affiche()
 7 SYSTEMPATH\CodeIgniter.php(494): CodeIgniter\CodeIgniter->runController(Object(App\Controllers\SignupController))
 8 SYSTEMPATH\CodeIgniter.php(353): CodeIgniter\CodeIgniter->handleRequest(null, Object(Config\Cache), false)
 9 FCPATH\index.php(79): CodeIgniter\CodeIgniter->run()
10 SYSTEMPATH\Commands\Server\rewrite.php(47): require_once('C:\\laragon\\www\\FORMULAIRE\\public\\index.php')
ERROR - 2024-02-05 16:55:18 --> Error connecting to the database: Error: Call to undefined function CodeIgniter\Database\SQLSRV\sqlsrv_configure() in C:\laragon\www\FORMULAIRE\system\Database\SQLSRV\Connection.php:128
Stack trace:
#0 C:\laragon\www\FORMULAIRE\system\Database\BaseConnection.php(391): CodeIgniter\Database\SQLSRV\Connection->connect(false)
#1 C:\laragon\www\FORMULAIRE\system\Database\BaseConnection.php(574): CodeIgniter\Database\BaseConnection->initialize()
#2 C:\laragon\www\FORMULAIRE\system\Database\SQLSRV\Builder.php(610): CodeIgniter\Database\BaseConnection->query('SELECT *\nFROM "...', Array, false)
#3 C:\laragon\www\FORMULAIRE\system\Model.php(237): CodeIgniter\Database\SQLSRV\Builder->get()
#4 C:\laragon\www\FORMULAIRE\system\BaseModel.php(624): CodeIgniter\Model->doFindAll(0, 0)
#5 C:\laragon\www\FORMULAIRE\app\Controllers\SignupController.php(58): CodeIgniter\BaseModel->findAll()
#6 C:\laragon\www\FORMULAIRE\system\CodeIgniter.php(919): App\Controllers\SignupController->Affiche()
#7 C:\laragon\www\FORMULAIRE\system\CodeIgniter.php(494): CodeIgniter\CodeIgniter->runController(Object(App\Controllers\SignupController))
#8 C:\laragon\www\FORMULAIRE\system\CodeIgniter.php(353): CodeIgniter\CodeIgniter->handleRequest(NULL, Object(Config\Cache), false)
#9 C:\laragon\www\FORMULAIRE\public\index.php(79): CodeIgniter\CodeIgniter->run()
#10 C:\laragon\www\FORMULAIRE\system\Commands\Server\rewrite.php(47): require_once('C:\\laragon\\www\\...')
#11 {main}
CRITICAL - 2024-02-05 16:55:18 --> Unable to connect to the database.
Main connection [SQLSRV]: Call to undefined function CodeIgniter\Database\SQLSRV\sqlsrv_configure()
in SYSTEMPATH\Database\BaseConnection.php on line 427.
 1 SYSTEMPATH\Database\BaseConnection.php(574): CodeIgniter\Database\BaseConnection->initialize()
 2 SYSTEMPATH\Database\SQLSRV\Builder.php(610): CodeIgniter\Database\BaseConnection->query('SELECT *
FROM "FORMULAIRE"."dbo"."FORMULAIRE"', [], false)
 3 SYSTEMPATH\Model.php(237): CodeIgniter\Database\SQLSRV\Builder->get()
 4 SYSTEMPATH\BaseModel.php(624): CodeIgniter\Model->doFindAll(0, 0)
 5 APPPATH\Controllers\SignupController.php(58): CodeIgniter\BaseModel->findAll()
 6 SYSTEMPATH\CodeIgniter.php(919): App\Controllers\SignupController->Affiche()
 7 SYSTEMPATH\CodeIgniter.php(494): CodeIgniter\CodeIgniter->runController(Object(App\Controllers\SignupController))
 8 SYSTEMPATH\CodeIgniter.php(353): CodeIgniter\CodeIgniter->handleRequest(null, Object(Config\Cache), false)
 9 FCPATH\index.php(79): CodeIgniter\CodeIgniter->run()
10 SYSTEMPATH\Commands\Server\rewrite.php(47): require_once('C:\\laragon\\www\\FORMULAIRE\\public\\index.php')
ERROR - 2024-02-05 16:55:26 --> Error connecting to the database: Error: Call to undefined function CodeIgniter\Database\SQLSRV\sqlsrv_configure() in C:\laragon\www\FORMULAIRE\system\Database\SQLSRV\Connection.php:128
Stack trace:
#0 C:\laragon\www\FORMULAIRE\system\Database\BaseConnection.php(391): CodeIgniter\Database\SQLSRV\Connection->connect(false)
#1 C:\laragon\www\FORMULAIRE\system\Database\BaseConnection.php(574): CodeIgniter\Database\BaseConnection->initialize()
#2 C:\laragon\www\FORMULAIRE\system\Database\SQLSRV\Builder.php(610): CodeIgniter\Database\BaseConnection->query('SELECT *\nFROM "...', Array, false)
#3 C:\laragon\www\FORMULAIRE\system\Model.php(237): CodeIgniter\Database\SQLSRV\Builder->get()
#4 C:\laragon\www\FORMULAIRE\system\BaseModel.php(624): CodeIgniter\Model->doFindAll(0, 0)
#5 C:\laragon\www\FORMULAIRE\app\Controllers\SignupController.php(58): CodeIgniter\BaseModel->findAll()
#6 C:\laragon\www\FORMULAIRE\system\CodeIgniter.php(919): App\Controllers\SignupController->Affiche()
#7 C:\laragon\www\FORMULAIRE\system\CodeIgniter.php(494): CodeIgniter\CodeIgniter->runController(Object(App\Controllers\SignupController))
#8 C:\laragon\www\FORMULAIRE\system\CodeIgniter.php(353): CodeIgniter\CodeIgniter->handleRequest(NULL, Object(Config\Cache), false)
#9 C:\laragon\www\FORMULAIRE\public\index.php(79): CodeIgniter\CodeIgniter->run()
#10 C:\laragon\www\FORMULAIRE\system\Commands\Server\rewrite.php(47): require_once('C:\\laragon\\www\\...')
#11 {main}
CRITICAL - 2024-02-05 16:55:26 --> Unable to connect to the database.
Main connection [SQLSRV]: Call to undefined function CodeIgniter\Database\SQLSRV\sqlsrv_configure()
in SYSTEMPATH\Database\BaseConnection.php on line 427.
 1 SYSTEMPATH\Database\BaseConnection.php(574): CodeIgniter\Database\BaseConnection->initialize()
 2 SYSTEMPATH\Database\SQLSRV\Builder.php(610): CodeIgniter\Database\BaseConnection->query('SELECT *
FROM "FORMULAIRE"."dbo"."FORMULAIRE"', [], false)
 3 SYSTEMPATH\Model.php(237): CodeIgniter\Database\SQLSRV\Builder->get()
 4 SYSTEMPATH\BaseModel.php(624): CodeIgniter\Model->doFindAll(0, 0)
 5 APPPATH\Controllers\SignupController.php(58): CodeIgniter\BaseModel->findAll()
 6 SYSTEMPATH\CodeIgniter.php(919): App\Controllers\SignupController->Affiche()
 7 SYSTEMPATH\CodeIgniter.php(494): CodeIgniter\CodeIgniter->runController(Object(App\Controllers\SignupController))
 8 SYSTEMPATH\CodeIgniter.php(353): CodeIgniter\CodeIgniter->handleRequest(null, Object(Config\Cache), false)
 9 FCPATH\index.php(79): CodeIgniter\CodeIgniter->run()
10 SYSTEMPATH\Commands\Server\rewrite.php(47): require_once('C:\\laragon\\www\\FORMULAIRE\\public\\index.php')
ERROR - 2024-02-05 16:56:44 --> Error connecting to the database: Error: Call to undefined function CodeIgniter\Database\SQLSRV\sqlsrv_configure() in C:\laragon\www\FORMULAIRE\system\Database\SQLSRV\Connection.php:128
Stack trace:
#0 C:\laragon\www\FORMULAIRE\system\Database\BaseConnection.php(391): CodeIgniter\Database\SQLSRV\Connection->connect(false)
#1 C:\laragon\www\FORMULAIRE\system\Database\BaseConnection.php(574): CodeIgniter\Database\BaseConnection->initialize()
#2 C:\laragon\www\FORMULAIRE\system\Database\SQLSRV\Builder.php(610): CodeIgniter\Database\BaseConnection->query('SELECT *\nFROM "...', Array, false)
#3 C:\laragon\www\FORMULAIRE\system\Model.php(237): CodeIgniter\Database\SQLSRV\Builder->get()
#4 C:\laragon\www\FORMULAIRE\system\BaseModel.php(624): CodeIgniter\Model->doFindAll(0, 0)
#5 C:\laragon\www\FORMULAIRE\app\Controllers\SignupController.php(58): CodeIgniter\BaseModel->findAll()
#6 C:\laragon\www\FORMULAIRE\system\CodeIgniter.php(919): App\Controllers\SignupController->Affiche()
#7 C:\laragon\www\FORMULAIRE\system\CodeIgniter.php(494): CodeIgniter\CodeIgniter->runController(Object(App\Controllers\SignupController))
#8 C:\laragon\www\FORMULAIRE\system\CodeIgniter.php(353): CodeIgniter\CodeIgniter->handleRequest(NULL, Object(Config\Cache), false)
#9 C:\laragon\www\FORMULAIRE\public\index.php(79): CodeIgniter\CodeIgniter->run()
#10 C:\laragon\www\FORMULAIRE\system\Commands\Server\rewrite.php(47): require_once('C:\\laragon\\www\\...')
#11 {main}
CRITICAL - 2024-02-05 16:56:44 --> Unable to connect to the database.
Main connection [SQLSRV]: Call to undefined function CodeIgniter\Database\SQLSRV\sqlsrv_configure()
in SYSTEMPATH\Database\BaseConnection.php on line 427.
 1 SYSTEMPATH\Database\BaseConnection.php(574): CodeIgniter\Database\BaseConnection->initialize()
 2 SYSTEMPATH\Database\SQLSRV\Builder.php(610): CodeIgniter\Database\BaseConnection->query('SELECT *
FROM "FORMULAIRE"."dbo"."FORMULAIRE"', [], false)
 3 SYSTEMPATH\Model.php(237): CodeIgniter\Database\SQLSRV\Builder->get()
 4 SYSTEMPATH\BaseModel.php(624): CodeIgniter\Model->doFindAll(0, 0)
 5 APPPATH\Controllers\SignupController.php(58): CodeIgniter\BaseModel->findAll()
 6 SYSTEMPATH\CodeIgniter.php(919): App\Controllers\SignupController->Affiche()
 7 SYSTEMPATH\CodeIgniter.php(494): CodeIgniter\CodeIgniter->runController(Object(App\Controllers\SignupController))
 8 SYSTEMPATH\CodeIgniter.php(353): CodeIgniter\CodeIgniter->handleRequest(null, Object(Config\Cache), false)
 9 FCPATH\index.php(79): CodeIgniter\CodeIgniter->run()
10 SYSTEMPATH\Commands\Server\rewrite.php(47): require_once('C:\\laragon\\www\\FORMULAIRE\\public\\index.php')
ERROR - 2024-02-05 16:59:22 --> Error connecting to the database: Error: Call to undefined function CodeIgniter\Database\SQLSRV\sqlsrv_configure() in C:\laragon\www\FORMULAIRE\system\Database\SQLSRV\Connection.php:128
Stack trace:
#0 C:\laragon\www\FORMULAIRE\system\Database\BaseConnection.php(391): CodeIgniter\Database\SQLSRV\Connection->connect(false)
#1 C:\laragon\www\FORMULAIRE\system\Database\BaseConnection.php(574): CodeIgniter\Database\BaseConnection->initialize()
#2 C:\laragon\www\FORMULAIRE\system\Database\SQLSRV\Builder.php(610): CodeIgniter\Database\BaseConnection->query('SELECT *\nFROM "...', Array, false)
#3 C:\laragon\www\FORMULAIRE\system\Model.php(237): CodeIgniter\Database\SQLSRV\Builder->get()
#4 C:\laragon\www\FORMULAIRE\system\BaseModel.php(624): CodeIgniter\Model->doFindAll(0, 0)
#5 C:\laragon\www\FORMULAIRE\app\Controllers\SignupController.php(58): CodeIgniter\BaseModel->findAll()
#6 C:\laragon\www\FORMULAIRE\system\CodeIgniter.php(919): App\Controllers\SignupController->Affiche()
#7 C:\laragon\www\FORMULAIRE\system\CodeIgniter.php(494): CodeIgniter\CodeIgniter->runController(Object(App\Controllers\SignupController))
#8 C:\laragon\www\FORMULAIRE\system\CodeIgniter.php(353): CodeIgniter\CodeIgniter->handleRequest(NULL, Object(Config\Cache), false)
#9 C:\laragon\www\FORMULAIRE\public\index.php(79): CodeIgniter\CodeIgniter->run()
#10 C:\laragon\www\FORMULAIRE\system\Commands\Server\rewrite.php(47): require_once('C:\\laragon\\www\\...')
#11 {main}
CRITICAL - 2024-02-05 16:59:22 --> Unable to connect to the database.
Main connection [SQLSRV]: Call to undefined function CodeIgniter\Database\SQLSRV\sqlsrv_configure()
in SYSTEMPATH\Database\BaseConnection.php on line 427.
 1 SYSTEMPATH\Database\BaseConnection.php(574): CodeIgniter\Database\BaseConnection->initialize()
 2 SYSTEMPATH\Database\SQLSRV\Builder.php(610): CodeIgniter\Database\BaseConnection->query('SELECT *
FROM "FORMULAIRE"."dbo"."FORMULAIRE"', [], false)
 3 SYSTEMPATH\Model.php(237): CodeIgniter\Database\SQLSRV\Builder->get()
 4 SYSTEMPATH\BaseModel.php(624): CodeIgniter\Model->doFindAll(0, 0)
 5 APPPATH\Controllers\SignupController.php(58): CodeIgniter\BaseModel->findAll()
 6 SYSTEMPATH\CodeIgniter.php(919): App\Controllers\SignupController->Affiche()
 7 SYSTEMPATH\CodeIgniter.php(494): CodeIgniter\CodeIgniter->runController(Object(App\Controllers\SignupController))
 8 SYSTEMPATH\CodeIgniter.php(353): CodeIgniter\CodeIgniter->handleRequest(null, Object(Config\Cache), false)
 9 FCPATH\index.php(79): CodeIgniter\CodeIgniter->run()
10 SYSTEMPATH\Commands\Server\rewrite.php(47): require_once('C:\\laragon\\www\\FORMULAIRE\\public\\index.php')
