ERROR - 2024-02-06 16:17:59 --> [Microsoft][ODBC Driver 17 for SQL Server][SQL Server]Nom d'objet 'FORMULAIRE.dbo.FORMULAIRE' non valide.
CRITICAL - 2024-02-06 16:17:59 --> [Microsoft][ODBC Driver 17 for SQL Server][SQL Server]Nom d'objet 'FORMULAIRE.dbo.FORMULAIRE' non valide.
in SYSTEMPATH\Database\BaseConnection.php on line 646.
 1 SYSTEMPATH\Database\SQLSRV\Builder.php(610): CodeIgniter\Database\BaseConnection->query('SELECT *
FROM "FORMULAIRE"."dbo"."FORMULAIRE"', [], false)
 2 SYSTEMPATH\Model.php(237): CodeIgniter\Database\SQLSRV\Builder->get()
 3 SYSTEMPATH\BaseModel.php(624): CodeIgniter\Model->doFindAll(0, 0)
 4 APPPATH\Controllers\SignupController.php(58): CodeIgniter\BaseModel->findAll()
 5 SYSTEMPATH\CodeIgniter.php(919): App\Controllers\SignupController->Affiche()
 6 SYSTEMPATH\CodeIgniter.php(494): CodeIgniter\CodeIgniter->runController(Object(App\Controllers\SignupController))
 7 SYSTEMPATH\CodeIgniter.php(353): CodeIgniter\CodeIgniter->handleRequest(null, Object(Config\Cache), false)
 8 FCPATH\index.php(79): CodeIgniter\CodeIgniter->run()
 9 SYSTEMPATH\Commands\Server\rewrite.php(47): require_once('C:\\laragon\\www\\FORMULAIRE\\public\\index.php')
ERROR - 2024-02-06 16:30:44 --> [Microsoft][ODBC Driver 17 for SQL Server][SQL Server]Impossible d'insérer la valeur NULL dans la colonne 'id', table 'FORMULAIRE.dbo.Formulaire'. Cette colonne n'accepte pas les valeurs NULL. Échec de INSERT.
CRITICAL - 2024-02-06 16:30:44 --> [Microsoft][ODBC Driver 17 for SQL Server][SQL Server]Impossible d'insérer la valeur NULL dans la colonne 'id', table 'FORMULAIRE.dbo.Formulaire'. Cette colonne n'accepte pas les valeurs NULL. Échec de INSERT.
in SYSTEMPATH\Database\BaseConnection.php on line 646.
 1 SYSTEMPATH\Database\BaseBuilder.php(2308): CodeIgniter\Database\BaseConnection->query('INSERT INTO "FORMULAIRE"."dbo"."FORMULAIRE" ("Nom","Prenom","Mail","Adresse","Tel","Motdepasse","Description","Signature","Date","Note") VALUES (:Nom:, :Prenom:, :Mail:, :Adresse:, :Tel:, :Motdepasse:, :Description:, :Signature:, :Date:, :Note:)', [...], false)
 2 SYSTEMPATH\Model.php(319): CodeIgniter\Database\BaseBuilder->insert()
 3 SYSTEMPATH\BaseModel.php(788): CodeIgniter\Model->doInsert([...])
 4 SYSTEMPATH\Model.php(715): CodeIgniter\BaseModel->insert([...], false)
 5 SYSTEMPATH\BaseModel.php(698): CodeIgniter\Model->insert([...], false)
 6 APPPATH\Controllers\SignupController.php(34): CodeIgniter\BaseModel->save([...])
 7 SYSTEMPATH\CodeIgniter.php(919): App\Controllers\SignupController->store()
 8 SYSTEMPATH\CodeIgniter.php(494): CodeIgniter\CodeIgniter->runController(Object(App\Controllers\SignupController))
 9 SYSTEMPATH\CodeIgniter.php(353): CodeIgniter\CodeIgniter->handleRequest(null, Object(Config\Cache), false)
10 FCPATH\index.php(79): CodeIgniter\CodeIgniter->run()
11 SYSTEMPATH\Commands\Server\rewrite.php(47): require_once('C:\\laragon\\www\\FORMULAIRE\\public\\index.php')
CRITICAL - 2024-02-06 16:37:08 --> file_get_contents(): Filename cannot be empty
in APPPATH\Controllers\SignupController.php on line 158.
 1 [internal function]: CodeIgniter\Debug\Exceptions->errorHandler(2, 'file_get_contents(): Filename cannot be empty', 'C:\\laragon\\www\\FORMULAIRE\\app\\Controllers\\SignupController.php', 158, [...])
 2 APPPATH\Controllers\SignupController.php(158): file_get_contents('')
 3 SYSTEMPATH\CodeIgniter.php(919): App\Controllers\SignupController->generateFileToPDF('2')
 4 SYSTEMPATH\CodeIgniter.php(494): CodeIgniter\CodeIgniter->runController(Object(App\Controllers\SignupController))
 5 SYSTEMPATH\CodeIgniter.php(353): CodeIgniter\CodeIgniter->handleRequest(null, Object(Config\Cache), false)
 6 FCPATH\index.php(79): CodeIgniter\CodeIgniter->run()
 7 SYSTEMPATH\Commands\Server\rewrite.php(47): require_once('C:\\laragon\\www\\FORMULAIRE\\public\\index.php')
