INFO - 2024-01-30 08:14:44 --> Session: Class initialized using 'CodeIgniter\Session\Handlers\FileHandler' driver.
CRITICAL - 2024-01-30 08:14:44 --> Invalid file: "index.php"
in SYSTEMPATH\Exceptions\FrameworkException.php on line 39.
 1 SYSTEMPATH\View\View.php(214): CodeIgniter\Exceptions\FrameworkException::forInvalidFile('index.php')
 2 SYSTEMPATH\Common.php(1188): CodeIgniter\View\View->render('index.php', [], true)
 3 APPPATH\Controllers\Base.php(15): view('index.php')
 4 SYSTEMPATH\CodeIgniter.php(919): App\Controllers\Base->index()
 5 SYSTEMPATH\CodeIgniter.php(494): CodeIgniter\CodeIgniter->runController(Object(App\Controllers\Base))
 6 SYSTEMPATH\CodeIgniter.php(353): CodeIgniter\CodeIgniter->handleRequest(null, Object(Config\Cache), false)
 7 FCPATH\index.php(79): CodeIgniter\CodeIgniter->run()
 8 SYSTEMPATH\Commands\Server\rewrite.php(47): require_once('C:\\laragon\\www\\FORMULAIRE\\public\\index.php')
CRITICAL - 2024-01-30 08:15:01 --> Call to a member function getResult() on bool
in APPPATH\Models\PersonneModel.php on line 29.
 1 APPPATH\Controllers\SignupController.php(55): App\Models\PersonneModel->Modif_Indicateur('12')
 2 SYSTEMPATH\CodeIgniter.php(919): App\Controllers\SignupController->update('12')
 3 SYSTEMPATH\CodeIgniter.php(494): CodeIgniter\CodeIgniter->runController(Object(App\Controllers\SignupController))
 4 SYSTEMPATH\CodeIgniter.php(353): CodeIgniter\CodeIgniter->handleRequest(null, Object(Config\Cache), false)
 5 FCPATH\index.php(79): CodeIgniter\CodeIgniter->run()
 6 SYSTEMPATH\Commands\Server\rewrite.php(47): require_once('C:\\laragon\\www\\FORMULAIRE\\public\\index.php')
CRITICAL - 2024-01-30 08:16:30 --> Call to a member function getResult() on bool
in APPPATH\Models\PersonneModel.php on line 29.
 1 APPPATH\Controllers\SignupController.php(55): App\Models\PersonneModel->Modif_Indicateur('11')
 2 SYSTEMPATH\CodeIgniter.php(919): App\Controllers\SignupController->update('11')
 3 SYSTEMPATH\CodeIgniter.php(494): CodeIgniter\CodeIgniter->runController(Object(App\Controllers\SignupController))
 4 SYSTEMPATH\CodeIgniter.php(353): CodeIgniter\CodeIgniter->handleRequest(null, Object(Config\Cache), false)
 5 FCPATH\index.php(79): CodeIgniter\CodeIgniter->run()
 6 SYSTEMPATH\Commands\Server\rewrite.php(47): require_once('C:\\laragon\\www\\FORMULAIRE\\public\\index.php')
CRITICAL - 2024-01-30 08:17:42 --> Call to a member function getResultArray() on bool
in APPPATH\Models\PersonneModel.php on line 29.
 1 APPPATH\Controllers\SignupController.php(55): App\Models\PersonneModel->Modif_Indicateur('9')
 2 SYSTEMPATH\CodeIgniter.php(919): App\Controllers\SignupController->update('9')
 3 SYSTEMPATH\CodeIgniter.php(494): CodeIgniter\CodeIgniter->runController(Object(App\Controllers\SignupController))
 4 SYSTEMPATH\CodeIgniter.php(353): CodeIgniter\CodeIgniter->handleRequest(null, Object(Config\Cache), false)
 5 FCPATH\index.php(79): CodeIgniter\CodeIgniter->run()
 6 SYSTEMPATH\Commands\Server\rewrite.php(47): require_once('C:\\laragon\\www\\FORMULAIRE\\public\\index.php')
CRITICAL - 2024-01-30 08:42:47 --> Undefined index: IdPersonne
in APPPATH\Views\detail.php on line 5.
 1 APPPATH\Views\detail.php(5): CodeIgniter\Debug\Exceptions->errorHandler(8, 'Undefined index: IdPersonne', 'C:\\laragon\\www\\FORMULAIRE\\app\\Views\\detail.php', 5, [...])
 2 SYSTEMPATH\View\View.php(226): include('C:\\laragon\\www\\FORMULAIRE\\app\\Views\\detail.php')
 3 SYSTEMPATH\View\View.php(229): CodeIgniter\View\View->CodeIgniter\View\{closure}()
 4 SYSTEMPATH\Common.php(1188): CodeIgniter\View\View->render('detail.php', [], true)
 5 APPPATH\Controllers\SignupController.php(90): view('detail.php', [...])
 6 SYSTEMPATH\CodeIgniter.php(919): App\Controllers\SignupController->detail('10')
 7 SYSTEMPATH\CodeIgniter.php(494): CodeIgniter\CodeIgniter->runController(Object(App\Controllers\SignupController))
 8 SYSTEMPATH\CodeIgniter.php(353): CodeIgniter\CodeIgniter->handleRequest(null, Object(Config\Cache), false)
 9 FCPATH\index.php(79): CodeIgniter\CodeIgniter->run()
10 SYSTEMPATH\Commands\Server\rewrite.php(47): require_once('C:\\laragon\\www\\FORMULAIRE\\public\\index.php')
CRITICAL - 2024-01-30 09:39:02 --> Undefined variable: base_url
in APPPATH\Views\trello.php on line 27.
 1 APPPATH\Views\trello.php(27): CodeIgniter\Debug\Exceptions->errorHandler(8, 'Undefined variable: base_url', 'C:\\laragon\\www\\FORMULAIRE\\app\\Views\\trello.php', 27, [...])
 2 SYSTEMPATH\View\View.php(226): include('C:\\laragon\\www\\FORMULAIRE\\app\\Views\\trello.php')
 3 SYSTEMPATH\View\View.php(229): CodeIgniter\View\View->CodeIgniter\View\{closure}()
 4 SYSTEMPATH\Common.php(1188): CodeIgniter\View\View->render('trello.php', [], true)
 5 APPPATH\Controllers\SignupController.php(48): view('trello.php', [...])
 6 SYSTEMPATH\CodeIgniter.php(919): App\Controllers\SignupController->Affiche()
 7 SYSTEMPATH\CodeIgniter.php(494): CodeIgniter\CodeIgniter->runController(Object(App\Controllers\SignupController))
 8 SYSTEMPATH\CodeIgniter.php(353): CodeIgniter\CodeIgniter->handleRequest(null, Object(Config\Cache), false)
 9 FCPATH\index.php(79): CodeIgniter\CodeIgniter->run()
10 SYSTEMPATH\Commands\Server\rewrite.php(47): require_once('C:\\laragon\\www\\FORMULAIRE\\public\\index.php')
CRITICAL - 2024-01-30 09:39:10 --> Undefined variable: base_url
in APPPATH\Views\trello.php on line 27.
 1 APPPATH\Views\trello.php(27): CodeIgniter\Debug\Exceptions->errorHandler(8, 'Undefined variable: base_url', 'C:\\laragon\\www\\FORMULAIRE\\app\\Views\\trello.php', 27, [...])
 2 SYSTEMPATH\View\View.php(226): include('C:\\laragon\\www\\FORMULAIRE\\app\\Views\\trello.php')
 3 SYSTEMPATH\View\View.php(229): CodeIgniter\View\View->CodeIgniter\View\{closure}()
 4 SYSTEMPATH\Common.php(1188): CodeIgniter\View\View->render('trello.php', [], true)
 5 APPPATH\Controllers\SignupController.php(48): view('trello.php', [...])
 6 SYSTEMPATH\CodeIgniter.php(919): App\Controllers\SignupController->Affiche()
 7 SYSTEMPATH\CodeIgniter.php(494): CodeIgniter\CodeIgniter->runController(Object(App\Controllers\SignupController))
 8 SYSTEMPATH\CodeIgniter.php(353): CodeIgniter\CodeIgniter->handleRequest(null, Object(Config\Cache), false)
 9 FCPATH\index.php(79): CodeIgniter\CodeIgniter->run()
10 SYSTEMPATH\Commands\Server\rewrite.php(47): require_once('C:\\laragon\\www\\FORMULAIRE\\public\\index.php')
CRITICAL - 2024-01-30 09:52:21 --> Cannot use object of type CodeIgniter\Database\SQLSRV\Result as array
in APPPATH\Controllers\SignupController.php on line 103.
 1 SYSTEMPATH\CodeIgniter.php(919): App\Controllers\SignupController->detail('10')
 2 SYSTEMPATH\CodeIgniter.php(494): CodeIgniter\CodeIgniter->runController(Object(App\Controllers\SignupController))
 3 SYSTEMPATH\CodeIgniter.php(353): CodeIgniter\CodeIgniter->handleRequest(null, Object(Config\Cache), false)
 4 FCPATH\index.php(79): CodeIgniter\CodeIgniter->run()
 5 SYSTEMPATH\Commands\Server\rewrite.php(47): require_once('C:\\laragon\\www\\FORMULAIRE\\public\\index.php')
CRITICAL - 2024-01-30 09:55:00 --> Cannot use object of type CodeIgniter\Database\SQLSRV\Result as array
in APPPATH\Controllers\SignupController.php on line 103.
 1 SYSTEMPATH\CodeIgniter.php(919): App\Controllers\SignupController->detail('10')
 2 SYSTEMPATH\CodeIgniter.php(494): CodeIgniter\CodeIgniter->runController(Object(App\Controllers\SignupController))
 3 SYSTEMPATH\CodeIgniter.php(353): CodeIgniter\CodeIgniter->handleRequest(null, Object(Config\Cache), false)
 4 FCPATH\index.php(79): CodeIgniter\CodeIgniter->run()
 5 SYSTEMPATH\Commands\Server\rewrite.php(47): require_once('C:\\laragon\\www\\FORMULAIRE\\public\\index.php')
INFO - 2024-01-30 10:59:13 --> Session: Class initialized using 'CodeIgniter\Session\Handlers\FileHandler' driver.
CRITICAL - 2024-01-30 10:59:13 --> Invalid file: "index.php"
in SYSTEMPATH\Exceptions\FrameworkException.php on line 39.
 1 SYSTEMPATH\View\View.php(214): CodeIgniter\Exceptions\FrameworkException::forInvalidFile('index.php')
 2 SYSTEMPATH\Common.php(1188): CodeIgniter\View\View->render('index.php', [], true)
 3 APPPATH\Controllers\Base.php(15): view('index.php')
 4 SYSTEMPATH\CodeIgniter.php(919): App\Controllers\Base->index()
 5 SYSTEMPATH\CodeIgniter.php(494): CodeIgniter\CodeIgniter->runController(Object(App\Controllers\Base))
 6 SYSTEMPATH\CodeIgniter.php(353): CodeIgniter\CodeIgniter->handleRequest(null, Object(Config\Cache), false)
 7 FCPATH\index.php(79): CodeIgniter\CodeIgniter->run()
 8 SYSTEMPATH\Commands\Server\rewrite.php(47): require_once('C:\\laragon\\www\\FORMULAIRE\\public\\index.php')
INFO - 2024-01-30 13:12:13 --> Session: Class initialized using 'CodeIgniter\Session\Handlers\FileHandler' driver.
CRITICAL - 2024-01-30 13:12:13 --> Invalid file: "index.php"
in SYSTEMPATH\Exceptions\FrameworkException.php on line 39.
 1 SYSTEMPATH\View\View.php(214): CodeIgniter\Exceptions\FrameworkException::forInvalidFile('index.php')
 2 SYSTEMPATH\Common.php(1188): CodeIgniter\View\View->render('index.php', [], true)
 3 APPPATH\Controllers\Base.php(15): view('index.php')
 4 SYSTEMPATH\CodeIgniter.php(919): App\Controllers\Base->index()
 5 SYSTEMPATH\CodeIgniter.php(494): CodeIgniter\CodeIgniter->runController(Object(App\Controllers\Base))
 6 SYSTEMPATH\CodeIgniter.php(353): CodeIgniter\CodeIgniter->handleRequest(null, Object(Config\Cache), false)
 7 FCPATH\index.php(79): CodeIgniter\CodeIgniter->run()
 8 SYSTEMPATH\Commands\Server\rewrite.php(47): require_once('C:\\laragon\\www\\FORMULAIRE\\public\\index.php')
INFO - 2024-01-30 13:19:45 --> Session: Class initialized using 'CodeIgniter\Session\Handlers\FileHandler' driver.
CRITICAL - 2024-01-30 13:19:45 --> Invalid file: "index.php"
in SYSTEMPATH\Exceptions\FrameworkException.php on line 39.
 1 SYSTEMPATH\View\View.php(214): CodeIgniter\Exceptions\FrameworkException::forInvalidFile('index.php')
 2 SYSTEMPATH\Common.php(1188): CodeIgniter\View\View->render('index.php', [], true)
 3 APPPATH\Controllers\Base.php(15): view('index.php')
 4 SYSTEMPATH\CodeIgniter.php(919): App\Controllers\Base->index()
 5 SYSTEMPATH\CodeIgniter.php(494): CodeIgniter\CodeIgniter->runController(Object(App\Controllers\Base))
 6 SYSTEMPATH\CodeIgniter.php(353): CodeIgniter\CodeIgniter->handleRequest(null, Object(Config\Cache), false)
 7 FCPATH\index.php(79): CodeIgniter\CodeIgniter->run()
 8 SYSTEMPATH\Commands\Server\rewrite.php(47): require_once('C:\\laragon\\www\\FORMULAIRE\\public\\index.php')
INFO - 2024-01-30 13:26:00 --> Session: Class initialized using 'CodeIgniter\Session\Handlers\FileHandler' driver.
CRITICAL - 2024-01-30 13:26:00 --> Invalid file: "index.php"
in SYSTEMPATH\Exceptions\FrameworkException.php on line 39.
 1 SYSTEMPATH\View\View.php(214): CodeIgniter\Exceptions\FrameworkException::forInvalidFile('index.php')
 2 SYSTEMPATH\Common.php(1188): CodeIgniter\View\View->render('index.php', [], true)
 3 APPPATH\Controllers\Base.php(15): view('index.php')
 4 SYSTEMPATH\CodeIgniter.php(919): App\Controllers\Base->index()
 5 SYSTEMPATH\CodeIgniter.php(494): CodeIgniter\CodeIgniter->runController(Object(App\Controllers\Base))
 6 SYSTEMPATH\CodeIgniter.php(353): CodeIgniter\CodeIgniter->handleRequest(null, Object(Config\Cache), false)
 7 FCPATH\index.php(79): CodeIgniter\CodeIgniter->run()
CRITICAL - 2024-01-30 15:04:04 --> syntax error, unexpected 'javascript' (T_STRING), expecting ';' or ','
in APPPATH\Views\trello.php on line 107.
 1 SYSTEMPATH\View\View.php(229): CodeIgniter\View\View->CodeIgniter\View\{closure}()
 2 SYSTEMPATH\Common.php(1188): CodeIgniter\View\View->render('trello.php', [], true)
 3 APPPATH\Controllers\SignupController.php(48): view('trello.php', [...])
 4 SYSTEMPATH\CodeIgniter.php(919): App\Controllers\SignupController->Affiche()
 5 SYSTEMPATH\CodeIgniter.php(494): CodeIgniter\CodeIgniter->runController(Object(App\Controllers\SignupController))
 6 SYSTEMPATH\CodeIgniter.php(353): CodeIgniter\CodeIgniter->handleRequest(null, Object(Config\Cache), false)
 7 FCPATH\index.php(79): CodeIgniter\CodeIgniter->run()
 8 SYSTEMPATH\Commands\Server\rewrite.php(47): require_once('C:\\laragon\\www\\FORMULAIRE\\public\\index.php')
CRITICAL - 2024-01-30 15:12:23 --> syntax error, unexpected 'javascript' (T_STRING), expecting ';' or ','
in APPPATH\Views\trello.php on line 119.
 1 SYSTEMPATH\View\View.php(229): CodeIgniter\View\View->CodeIgniter\View\{closure}()
 2 SYSTEMPATH\Common.php(1188): CodeIgniter\View\View->render('trello.php', [], true)
 3 APPPATH\Controllers\SignupController.php(48): view('trello.php', [...])
 4 SYSTEMPATH\CodeIgniter.php(919): App\Controllers\SignupController->Affiche()
 5 SYSTEMPATH\CodeIgniter.php(494): CodeIgniter\CodeIgniter->runController(Object(App\Controllers\SignupController))
 6 SYSTEMPATH\CodeIgniter.php(353): CodeIgniter\CodeIgniter->handleRequest(null, Object(Config\Cache), false)
 7 FCPATH\index.php(79): CodeIgniter\CodeIgniter->run()
 8 SYSTEMPATH\Commands\Server\rewrite.php(47): require_once('C:\\laragon\\www\\FORMULAIRE\\public\\index.php')
CRITICAL - 2024-01-30 15:16:22 --> syntax error, unexpected '' (T_ENCAPSED_AND_WHITESPACE), expecting '-' or identifier (T_STRING) or variable (T_VARIABLE) or number (T_NUM_STRING)
in APPPATH\Views\trello.php on line 128.
 1 SYSTEMPATH\View\View.php(229): CodeIgniter\View\View->CodeIgniter\View\{closure}()
 2 SYSTEMPATH\Common.php(1188): CodeIgniter\View\View->render('trello.php', [], true)
 3 APPPATH\Controllers\SignupController.php(48): view('trello.php', [...])
 4 SYSTEMPATH\CodeIgniter.php(919): App\Controllers\SignupController->Affiche()
 5 SYSTEMPATH\CodeIgniter.php(494): CodeIgniter\CodeIgniter->runController(Object(App\Controllers\SignupController))
 6 SYSTEMPATH\CodeIgniter.php(353): CodeIgniter\CodeIgniter->handleRequest(null, Object(Config\Cache), false)
 7 FCPATH\index.php(79): CodeIgniter\CodeIgniter->run()
 8 SYSTEMPATH\Commands\Server\rewrite.php(47): require_once('C:\\laragon\\www\\FORMULAIRE\\public\\index.php')
CRITICAL - 2024-01-30 16:06:07 --> syntax error, unexpected '<', expecting end of file
in APPPATH\Controllers\SignupController.php on line 105.
 1 SYSTEMPATH\Autoloader\Autoloader.php(285): CodeIgniter\Autoloader\Autoloader->includeFile('C:\\laragon\\www\\FORMULAIRE\\app\\Controllers\\SignupController.php')
 2 SYSTEMPATH\Autoloader\Autoloader.php(263): CodeIgniter\Autoloader\Autoloader->loadInNamespace('App\\Controllers\\SignupController')
 3 [internal function]: CodeIgniter\Autoloader\Autoloader->loadClass('App\\Controllers\\SignupController')
 4 [internal function]: spl_autoload_call('App\\Controllers\\SignupController')
 5 SYSTEMPATH\CodeIgniter.php(877): class_exists('\\App\\Controllers\\SignupController', true)
 6 SYSTEMPATH\CodeIgniter.php(481): CodeIgniter\CodeIgniter->startController()
 7 SYSTEMPATH\CodeIgniter.php(353): CodeIgniter\CodeIgniter->handleRequest(null, Object(Config\Cache), false)
 8 FCPATH\index.php(79): CodeIgniter\CodeIgniter->run()
 9 SYSTEMPATH\Commands\Server\rewrite.php(47): require_once('C:\\laragon\\www\\FORMULAIRE\\public\\index.php')
CRITICAL - 2024-01-30 16:06:17 --> syntax error, unexpected '<', expecting end of file
in APPPATH\Controllers\SignupController.php on line 105.
 1 SYSTEMPATH\Autoloader\Autoloader.php(285): CodeIgniter\Autoloader\Autoloader->includeFile('C:\\laragon\\www\\FORMULAIRE\\app\\Controllers\\SignupController.php')
 2 SYSTEMPATH\Autoloader\Autoloader.php(263): CodeIgniter\Autoloader\Autoloader->loadInNamespace('App\\Controllers\\SignupController')
 3 [internal function]: CodeIgniter\Autoloader\Autoloader->loadClass('App\\Controllers\\SignupController')
 4 [internal function]: spl_autoload_call('App\\Controllers\\SignupController')
 5 SYSTEMPATH\CodeIgniter.php(877): class_exists('\\App\\Controllers\\SignupController', true)
 6 SYSTEMPATH\CodeIgniter.php(481): CodeIgniter\CodeIgniter->startController()
 7 SYSTEMPATH\CodeIgniter.php(353): CodeIgniter\CodeIgniter->handleRequest(null, Object(Config\Cache), false)
 8 FCPATH\index.php(79): CodeIgniter\CodeIgniter->run()
 9 SYSTEMPATH\Commands\Server\rewrite.php(47): require_once('C:\\laragon\\www\\FORMULAIRE\\public\\index.php')
INFO - 2024-01-30 19:42:18 --> Session: Class initialized using 'CodeIgniter\Session\Handlers\FileHandler' driver.
CRITICAL - 2024-01-30 19:42:18 --> Invalid file: "index.php"
in SYSTEMPATH\Exceptions\FrameworkException.php on line 39.
 1 SYSTEMPATH\View\View.php(214): CodeIgniter\Exceptions\FrameworkException::forInvalidFile('index.php')
 2 SYSTEMPATH\Common.php(1188): CodeIgniter\View\View->render('index.php', [], true)
 3 APPPATH\Controllers\Base.php(15): view('index.php')
 4 SYSTEMPATH\CodeIgniter.php(919): App\Controllers\Base->index()
 5 SYSTEMPATH\CodeIgniter.php(494): CodeIgniter\CodeIgniter->runController(Object(App\Controllers\Base))
 6 SYSTEMPATH\CodeIgniter.php(353): CodeIgniter\CodeIgniter->handleRequest(null, Object(Config\Cache), false)
 7 FCPATH\index.php(79): CodeIgniter\CodeIgniter->run()
 8 SYSTEMPATH\Commands\Server\rewrite.php(47): require_once('C:\\laragon\\www\\FORMULAIRE\\public\\index.php')
