ERROR - 2023-11-23 07:39:58 --> Error connecting to the database: Error: Call to undefined function CodeIgniter\Database\SQLSRV\sqlsrv_configure() in C:\laragon\www\AP-3\system\Database\SQLSRV\Connection.php:128
Stack trace:
#0 C:\laragon\www\AP-3\system\Database\BaseConnection.php(391): CodeIgniter\Database\SQLSRV\Connection->connect(false)
#1 C:\laragon\www\AP-3\system\Database\BaseConnection.php(574): CodeIgniter\Database\BaseConnection->initialize()
#2 C:\laragon\www\AP-3\system\Database\SQLSRV\Builder.php(610): CodeIgniter\Database\BaseConnection->query('SELECT *\nFROM "...', Array, false)
#3 C:\laragon\www\AP-3\system\Model.php(264): CodeIgniter\Database\SQLSRV\Builder->get()
#4 C:\laragon\www\AP-3\system\BaseModel.php(662): CodeIgniter\Model->doFirst()
#5 C:\laragon\www\AP-3\app\Controllers\TestDB.php(17): CodeIgniter\BaseModel->first()
#6 C:\laragon\www\AP-3\system\CodeIgniter.php(919): App\Controllers\TestDB->index()
#7 C:\laragon\www\AP-3\system\CodeIgniter.php(494): CodeIgniter\CodeIgniter->runController(Object(App\Controllers\TestDB))
#8 C:\laragon\www\AP-3\system\CodeIgniter.php(353): CodeIgniter\CodeIgniter->handleRequest(NULL, Object(Config\Cache), false)
#9 C:\laragon\www\AP-3\public\index.php(79): CodeIgniter\CodeIgniter->run()
#10 C:\laragon\www\AP-3\system\Commands\Server\rewrite.php(47): require_once('C:\\laragon\\www\\...')
#11 {main}
CRITICAL - 2023-11-23 07:39:58 --> Unable to connect to the database.
Main connection [SQLSRV]: Call to undefined function CodeIgniter\Database\SQLSRV\sqlsrv_configure()
in SYSTEMPATH\Database\BaseConnection.php on line 427.
 1 SYSTEMPATH\Database\BaseConnection.php(574): CodeIgniter\Database\BaseConnection->initialize()
 2 SYSTEMPATH\Database\SQLSRV\Builder.php(610): CodeIgniter\Database\BaseConnection->query('SELECT *
FROM "AP-3"."dbo"."Personne"
 ORDER BY (SELECT NULL)  OFFSET 0  ROWS FETCH NEXT 1 ROWS ONLY ', [], false)
 3 SYSTEMPATH\Model.php(264): CodeIgniter\Database\SQLSRV\Builder->get()
 4 SYSTEMPATH\BaseModel.php(662): CodeIgniter\Model->doFirst()
 5 APPPATH\Controllers\TestDB.php(17): CodeIgniter\BaseModel->first()
 6 SYSTEMPATH\CodeIgniter.php(919): App\Controllers\TestDB->index()
 7 SYSTEMPATH\CodeIgniter.php(494): CodeIgniter\CodeIgniter->runController(Object(App\Controllers\TestDB))
 8 SYSTEMPATH\CodeIgniter.php(353): CodeIgniter\CodeIgniter->handleRequest(null, Object(Config\Cache), false)
 9 FCPATH\index.php(79): CodeIgniter\CodeIgniter->run()
10 SYSTEMPATH\Commands\Server\rewrite.php(47): require_once('C:\\laragon\\www\\AP-3\\public\\index.php')
CRITICAL - 2023-11-23 10:39:25 --> CodeIgniter\View\View::main(): Failed opening required 'fonctions.php' (include_path='.;C:/laragon/etc/php/pear')
in APPPATH\Views\contact.php on line 40.
 1 [internal function]: CodeIgniter\Debug\Exceptions->shutdownHandler()
