INFO - 2024-01-29 09:08:50 --> Session: Class initialized using 'CodeIgniter\Session\Handlers\FileHandler' driver.
INFO - 2024-01-29 09:10:44 --> Session: Class initialized using 'CodeIgniter\Session\Handlers\FileHandler' driver.
INFO - 2024-01-29 09:44:34 --> Session: Class initialized using 'CodeIgniter\Session\Handlers\FileHandler' driver.
INFO - 2024-01-29 09:44:36 --> Session: Class initialized using 'CodeIgniter\Session\Handlers\FileHandler' driver.
INFO - 2024-01-29 09:44:37 --> Session: Class initialized using 'CodeIgniter\Session\Handlers\FileHandler' driver.
INFO - 2024-01-29 09:48:35 --> Session: Class initialized using 'CodeIgniter\Session\Handlers\FileHandler' driver.
INFO - 2024-01-29 09:48:37 --> Session: Class initialized using 'CodeIgniter\Session\Handlers\FileHandler' driver.
INFO - 2024-01-29 09:53:09 --> Session: Class initialized using 'CodeIgniter\Session\Handlers\FileHandler' driver.
INFO - 2024-01-29 09:53:30 --> Session: Class initialized using 'CodeIgniter\Session\Handlers\FileHandler' driver.
INFO - 2024-01-29 09:53:31 --> Session: Class initialized using 'CodeIgniter\Session\Handlers\FileHandler' driver.
INFO - 2024-01-29 09:54:31 --> Session: Class initialized using 'CodeIgniter\Session\Handlers\FileHandler' driver.
CRITICAL - 2024-01-29 09:54:31 --> Invalid file: "inscription.php"
in SYSTEMPATH\Exceptions\FrameworkException.php on line 39.
 1 SYSTEMPATH\View\View.php(214): CodeIgniter\Exceptions\FrameworkException::forInvalidFile('inscription.php')
 2 SYSTEMPATH\Common.php(1188): CodeIgniter\View\View->render('inscription.php', [], true)
 3 APPPATH\Controllers\Base.php(52): view('inscription.php')
 4 SYSTEMPATH\CodeIgniter.php(919): App\Controllers\Base->inscription()
 5 SYSTEMPATH\CodeIgniter.php(494): CodeIgniter\CodeIgniter->runController(Object(App\Controllers\Base))
 6 SYSTEMPATH\CodeIgniter.php(353): CodeIgniter\CodeIgniter->handleRequest(null, Object(Config\Cache), false)
 7 FCPATH\index.php(79): CodeIgniter\CodeIgniter->run()
 8 SYSTEMPATH\Commands\Server\rewrite.php(47): require_once('C:\\laragon\\www\\FORMULAIRE\\public\\index.php')
INFO - 2024-01-29 09:54:33 --> Session: Class initialized using 'CodeIgniter\Session\Handlers\FileHandler' driver.
INFO - 2024-01-29 09:55:32 --> Session: Class initialized using 'CodeIgniter\Session\Handlers\FileHandler' driver.
INFO - 2024-01-29 09:55:56 --> Session: Class initialized using 'CodeIgniter\Session\Handlers\FileHandler' driver.
INFO - 2024-01-29 09:56:20 --> Session: Class initialized using 'CodeIgniter\Session\Handlers\FileHandler' driver.
INFO - 2024-01-29 09:58:39 --> Session: Class initialized using 'CodeIgniter\Session\Handlers\FileHandler' driver.
INFO - 2024-01-29 09:59:50 --> Session: Class initialized using 'CodeIgniter\Session\Handlers\FileHandler' driver.
INFO - 2024-01-29 09:59:59 --> Session: Class initialized using 'CodeIgniter\Session\Handlers\FileHandler' driver.
INFO - 2024-01-29 10:01:01 --> Session: Class initialized using 'CodeIgniter\Session\Handlers\FileHandler' driver.
ERROR - 2024-01-29 10:02:06 --> [Microsoft][ODBC Driver 17 for SQL Server][SQL Server]Nom d'objet 'FORMULAIRE.dbo.Personne' non valide.
CRITICAL - 2024-01-29 10:02:06 --> [Microsoft][ODBC Driver 17 for SQL Server][SQL Server]Nom d'objet 'FORMULAIRE.dbo.Personne' non valide.
in SYSTEMPATH\Database\BaseConnection.php on line 646.
 1 SYSTEMPATH\Database\BaseBuilder.php(2308): CodeIgniter\Database\BaseConnection->query('INSERT INTO "FORMULAIRE"."dbo"."Personne" ("Nom","Prenom","Mail","Date_Naissance","DateI","MotdePasse") VALUES (:Nom:, :Prenom:, :Mail:, :Date_Naissance:, :DateI:, :MotdePasse:)', [...], false)
 2 SYSTEMPATH\Model.php(319): CodeIgniter\Database\BaseBuilder->insert()
 3 SYSTEMPATH\BaseModel.php(788): CodeIgniter\Model->doInsert([...])
 4 SYSTEMPATH\Model.php(715): CodeIgniter\BaseModel->insert([...], false)
 5 SYSTEMPATH\BaseModel.php(698): CodeIgniter\Model->insert([...], false)
 6 APPPATH\Controllers\SignupController.php(26): CodeIgniter\BaseModel->save([...])
 7 SYSTEMPATH\CodeIgniter.php(919): App\Controllers\SignupController->store()
 8 SYSTEMPATH\CodeIgniter.php(494): CodeIgniter\CodeIgniter->runController(Object(App\Controllers\SignupController))
 9 SYSTEMPATH\CodeIgniter.php(353): CodeIgniter\CodeIgniter->handleRequest(null, Object(Config\Cache), false)
10 FCPATH\index.php(79): CodeIgniter\CodeIgniter->run()
11 SYSTEMPATH\Commands\Server\rewrite.php(47): require_once('C:\\laragon\\www\\FORMULAIRE\\public\\index.php')
CRITICAL - 2024-01-29 10:04:34 --> Invalid file: "index.php"
in SYSTEMPATH\Exceptions\FrameworkException.php on line 39.
 1 SYSTEMPATH\View\View.php(214): CodeIgniter\Exceptions\FrameworkException::forInvalidFile('index.php')
 2 SYSTEMPATH\Common.php(1188): CodeIgniter\View\View->render('index.php', [], true)
 3 APPPATH\Controllers\Base.php(13): view('index.php')
 4 SYSTEMPATH\CodeIgniter.php(919): App\Controllers\Base->index()
 5 SYSTEMPATH\CodeIgniter.php(494): CodeIgniter\CodeIgniter->runController(Object(App\Controllers\Base))
 6 SYSTEMPATH\CodeIgniter.php(353): CodeIgniter\CodeIgniter->handleRequest(null, Object(Config\Cache), false)
 7 FCPATH\index.php(79): CodeIgniter\CodeIgniter->run()
 8 SYSTEMPATH\Commands\Server\rewrite.php(47): require_once('C:\\laragon\\www\\FORMULAIRE\\public\\index.php')
INFO - 2024-01-29 10:04:41 --> Session: Class initialized using 'CodeIgniter\Session\Handlers\FileHandler' driver.
INFO - 2024-01-29 10:14:45 --> Session: Class initialized using 'CodeIgniter\Session\Handlers\FileHandler' driver.
INFO - 2024-01-29 10:16:22 --> Session: Class initialized using 'CodeIgniter\Session\Handlers\FileHandler' driver.
INFO - 2024-01-29 10:18:44 --> Session: Class initialized using 'CodeIgniter\Session\Handlers\FileHandler' driver.
INFO - 2024-01-29 13:36:02 --> Session: Class initialized using 'CodeIgniter\Session\Handlers\FileHandler' driver.
CRITICAL - 2024-01-29 13:36:02 --> Invalid file: "index.php"
in SYSTEMPATH\Exceptions\FrameworkException.php on line 39.
 1 SYSTEMPATH\View\View.php(214): CodeIgniter\Exceptions\FrameworkException::forInvalidFile('index.php')
 2 SYSTEMPATH\Common.php(1188): CodeIgniter\View\View->render('index.php', [], true)
 3 APPPATH\Controllers\Base.php(13): view('index.php')
 4 SYSTEMPATH\CodeIgniter.php(919): App\Controllers\Base->index()
 5 SYSTEMPATH\CodeIgniter.php(494): CodeIgniter\CodeIgniter->runController(Object(App\Controllers\Base))
 6 SYSTEMPATH\CodeIgniter.php(353): CodeIgniter\CodeIgniter->handleRequest(null, Object(Config\Cache), false)
 7 FCPATH\index.php(79): CodeIgniter\CodeIgniter->run()
 8 SYSTEMPATH\Commands\Server\rewrite.php(47): require_once('C:\\laragon\\www\\FORMULAIRE\\public\\index.php')
CRITICAL - 2024-01-29 15:29:05 --> Class 'Trello\Trello' not found
in APPPATH\Controllers\SignupController.php on line 36.
 1 SYSTEMPATH\CodeIgniter.php(919): App\Controllers\SignupController->store()
 2 SYSTEMPATH\CodeIgniter.php(494): CodeIgniter\CodeIgniter->runController(Object(App\Controllers\SignupController))
 3 SYSTEMPATH\CodeIgniter.php(353): CodeIgniter\CodeIgniter->handleRequest(null, Object(Config\Cache), false)
 4 FCPATH\index.php(79): CodeIgniter\CodeIgniter->run()
 5 SYSTEMPATH\Commands\Server\rewrite.php(47): require_once('C:\\laragon\\www\\FORMULAIRE\\public\\index.php')
INFO - 2024-01-29 16:32:56 --> Session: Class initialized using 'CodeIgniter\Session\Handlers\FileHandler' driver.
CRITICAL - 2024-01-29 16:32:56 --> Invalid file: "index.php"
in SYSTEMPATH\Exceptions\FrameworkException.php on line 39.
 1 SYSTEMPATH\View\View.php(214): CodeIgniter\Exceptions\FrameworkException::forInvalidFile('index.php')
 2 SYSTEMPATH\Common.php(1188): CodeIgniter\View\View->render('index.php', [], true)
 3 APPPATH\Controllers\Base.php(15): view('index.php')
 4 SYSTEMPATH\CodeIgniter.php(919): App\Controllers\Base->index()
 5 SYSTEMPATH\CodeIgniter.php(494): CodeIgniter\CodeIgniter->runController(Object(App\Controllers\Base))
 6 SYSTEMPATH\CodeIgniter.php(353): CodeIgniter\CodeIgniter->handleRequest(null, Object(Config\Cache), false)
 7 FCPATH\index.php(79): CodeIgniter\CodeIgniter->run()
 8 SYSTEMPATH\Commands\Server\rewrite.php(47): require_once('C:\\laragon\\www\\FORMULAIRE\\public\\index.php')
INFO - 2024-01-29 16:33:35 --> Session: Class initialized using 'CodeIgniter\Session\Handlers\FileHandler' driver.
CRITICAL - 2024-01-29 16:33:35 --> Invalid file: "index.php"
in SYSTEMPATH\Exceptions\FrameworkException.php on line 39.
 1 SYSTEMPATH\View\View.php(214): CodeIgniter\Exceptions\FrameworkException::forInvalidFile('index.php')
 2 SYSTEMPATH\Common.php(1188): CodeIgniter\View\View->render('index.php', [], true)
 3 APPPATH\Controllers\Base.php(15): view('index.php')
 4 SYSTEMPATH\CodeIgniter.php(919): App\Controllers\Base->index()
 5 SYSTEMPATH\CodeIgniter.php(494): CodeIgniter\CodeIgniter->runController(Object(App\Controllers\Base))
 6 SYSTEMPATH\CodeIgniter.php(353): CodeIgniter\CodeIgniter->handleRequest(null, Object(Config\Cache), false)
 7 FCPATH\index.php(79): CodeIgniter\CodeIgniter->run()
 8 SYSTEMPATH\Commands\Server\rewrite.php(47): require_once('C:\\laragon\\www\\FORMULAIRE\\public\\index.php')
INFO - 2024-01-29 16:34:09 --> Session: Class initialized using 'CodeIgniter\Session\Handlers\FileHandler' driver.
CRITICAL - 2024-01-29 16:34:09 --> Invalid file: "index.php"
in SYSTEMPATH\Exceptions\FrameworkException.php on line 39.
 1 SYSTEMPATH\View\View.php(214): CodeIgniter\Exceptions\FrameworkException::forInvalidFile('index.php')
 2 SYSTEMPATH\Common.php(1188): CodeIgniter\View\View->render('index.php', [], true)
 3 APPPATH\Controllers\Base.php(15): view('index.php')
 4 SYSTEMPATH\CodeIgniter.php(919): App\Controllers\Base->index()
 5 SYSTEMPATH\CodeIgniter.php(494): CodeIgniter\CodeIgniter->runController(Object(App\Controllers\Base))
 6 SYSTEMPATH\CodeIgniter.php(353): CodeIgniter\CodeIgniter->handleRequest(null, Object(Config\Cache), false)
 7 FCPATH\index.php(79): CodeIgniter\CodeIgniter->run()
 8 SYSTEMPATH\Commands\Server\rewrite.php(47): require_once('C:\\laragon\\www\\FORMULAIRE\\public\\index.php')
INFO - 2024-01-29 16:34:35 --> Session: Class initialized using 'CodeIgniter\Session\Handlers\FileHandler' driver.
CRITICAL - 2024-01-29 16:34:35 --> Invalid file: "index.php"
in SYSTEMPATH\Exceptions\FrameworkException.php on line 39.
 1 SYSTEMPATH\View\View.php(214): CodeIgniter\Exceptions\FrameworkException::forInvalidFile('index.php')
 2 SYSTEMPATH\Common.php(1188): CodeIgniter\View\View->render('index.php', [], true)
 3 APPPATH\Controllers\Base.php(15): view('index.php')
 4 SYSTEMPATH\CodeIgniter.php(919): App\Controllers\Base->index()
 5 SYSTEMPATH\CodeIgniter.php(494): CodeIgniter\CodeIgniter->runController(Object(App\Controllers\Base))
 6 SYSTEMPATH\CodeIgniter.php(353): CodeIgniter\CodeIgniter->handleRequest(null, Object(Config\Cache), false)
 7 FCPATH\index.php(79): CodeIgniter\CodeIgniter->run()
 8 SYSTEMPATH\Commands\Server\rewrite.php(47): require_once('C:\\laragon\\www\\FORMULAIRE\\public\\index.php')
INFO - 2024-01-29 16:37:15 --> Session: Class initialized using 'CodeIgniter\Session\Handlers\FileHandler' driver.
CRITICAL - 2024-01-29 16:37:15 --> Invalid file: "index.php"
in SYSTEMPATH\Exceptions\FrameworkException.php on line 39.
 1 SYSTEMPATH\View\View.php(214): CodeIgniter\Exceptions\FrameworkException::forInvalidFile('index.php')
 2 SYSTEMPATH\Common.php(1188): CodeIgniter\View\View->render('index.php', [], true)
 3 APPPATH\Controllers\Base.php(15): view('index.php')
 4 SYSTEMPATH\CodeIgniter.php(919): App\Controllers\Base->index()
 5 SYSTEMPATH\CodeIgniter.php(494): CodeIgniter\CodeIgniter->runController(Object(App\Controllers\Base))
 6 SYSTEMPATH\CodeIgniter.php(353): CodeIgniter\CodeIgniter->handleRequest(null, Object(Config\Cache), false)
 7 FCPATH\index.php(79): CodeIgniter\CodeIgniter->run()
 8 SYSTEMPATH\Commands\Server\rewrite.php(47): require_once('C:\\laragon\\www\\FORMULAIRE\\public\\index.php')
CRITICAL - 2024-01-29 16:37:23 --> Undefined variable: LesPersonnes
in APPPATH\Views\trello.php on line 49.
 1 APPPATH\Views\trello.php(49): CodeIgniter\Debug\Exceptions->errorHandler(8, 'Undefined variable: LesPersonnes', 'C:\\laragon\\www\\FORMULAIRE\\app\\Views\\trello.php', 49, [])
 2 SYSTEMPATH\View\View.php(226): include('C:\\laragon\\www\\FORMULAIRE\\app\\Views\\trello.php')
 3 SYSTEMPATH\View\View.php(229): CodeIgniter\View\View->CodeIgniter\View\{closure}()
 4 SYSTEMPATH\Common.php(1188): CodeIgniter\View\View->render('trello.php', [], true)
 5 APPPATH\Controllers\Base.php(34): view('trello.php')
 6 SYSTEMPATH\CodeIgniter.php(919): App\Controllers\Base->trello()
 7 SYSTEMPATH\CodeIgniter.php(494): CodeIgniter\CodeIgniter->runController(Object(App\Controllers\Base))
 8 SYSTEMPATH\CodeIgniter.php(353): CodeIgniter\CodeIgniter->handleRequest(null, Object(Config\Cache), false)
 9 FCPATH\index.php(79): CodeIgniter\CodeIgniter->run()
10 SYSTEMPATH\Commands\Server\rewrite.php(47): require_once('C:\\laragon\\www\\FORMULAIRE\\public\\index.php')
CRITICAL - 2024-01-29 16:39:13 --> Undefined variable: LesPersonnes
in APPPATH\Views\trello.php on line 49.
 1 APPPATH\Views\trello.php(49): CodeIgniter\Debug\Exceptions->errorHandler(8, 'Undefined variable: LesPersonnes', 'C:\\laragon\\www\\FORMULAIRE\\app\\Views\\trello.php', 49, [])
 2 SYSTEMPATH\View\View.php(226): include('C:\\laragon\\www\\FORMULAIRE\\app\\Views\\trello.php')
 3 SYSTEMPATH\View\View.php(229): CodeIgniter\View\View->CodeIgniter\View\{closure}()
 4 SYSTEMPATH\Common.php(1188): CodeIgniter\View\View->render('trello.php', [], true)
 5 APPPATH\Controllers\Base.php(34): view('trello.php')
 6 SYSTEMPATH\CodeIgniter.php(919): App\Controllers\Base->trello()
 7 SYSTEMPATH\CodeIgniter.php(494): CodeIgniter\CodeIgniter->runController(Object(App\Controllers\Base))
 8 SYSTEMPATH\CodeIgniter.php(353): CodeIgniter\CodeIgniter->handleRequest(null, Object(Config\Cache), false)
 9 FCPATH\index.php(79): CodeIgniter\CodeIgniter->run()
10 SYSTEMPATH\Commands\Server\rewrite.php(47): require_once('C:\\laragon\\www\\FORMULAIRE\\public\\index.php')
CRITICAL - 2024-01-29 16:40:37 --> Undefined variable: LesPersonnes
in APPPATH\Views\trello.php on line 49.
 1 APPPATH\Views\trello.php(49): CodeIgniter\Debug\Exceptions->errorHandler(8, 'Undefined variable: LesPersonnes', 'C:\\laragon\\www\\FORMULAIRE\\app\\Views\\trello.php', 49, [])
 2 SYSTEMPATH\View\View.php(226): include('C:\\laragon\\www\\FORMULAIRE\\app\\Views\\trello.php')
 3 SYSTEMPATH\View\View.php(229): CodeIgniter\View\View->CodeIgniter\View\{closure}()
 4 SYSTEMPATH\Common.php(1188): CodeIgniter\View\View->render('trello.php', [], true)
 5 APPPATH\Controllers\Base.php(34): view('trello.php')
 6 SYSTEMPATH\CodeIgniter.php(919): App\Controllers\Base->trello()
 7 SYSTEMPATH\CodeIgniter.php(494): CodeIgniter\CodeIgniter->runController(Object(App\Controllers\Base))
 8 SYSTEMPATH\CodeIgniter.php(353): CodeIgniter\CodeIgniter->handleRequest(null, Object(Config\Cache), false)
 9 FCPATH\index.php(79): CodeIgniter\CodeIgniter->run()
10 SYSTEMPATH\Commands\Server\rewrite.php(47): require_once('C:\\laragon\\www\\FORMULAIRE\\public\\index.php')
CRITICAL - 2024-01-29 16:41:00 --> Call to undefined function link_tag()
in APPPATH\Views\template\header.php on line 31.
 1 SYSTEMPATH\View\View.php(226): include()
 2 SYSTEMPATH\View\View.php(229): CodeIgniter\View\View->CodeIgniter\View\{closure}()
 3 SYSTEMPATH\Common.php(1188): CodeIgniter\View\View->render('template/header.php', [], true)
 4 APPPATH\Controllers\SignupController.php(46): view('template/header.php')
 5 SYSTEMPATH\CodeIgniter.php(919): App\Controllers\SignupController->Affiche()
 6 SYSTEMPATH\CodeIgniter.php(494): CodeIgniter\CodeIgniter->runController(Object(App\Controllers\SignupController))
 7 SYSTEMPATH\CodeIgniter.php(353): CodeIgniter\CodeIgniter->handleRequest(null, Object(Config\Cache), false)
 8 FCPATH\index.php(79): CodeIgniter\CodeIgniter->run()
 9 SYSTEMPATH\Commands\Server\rewrite.php(47): require_once('C:\\laragon\\www\\FORMULAIRE\\public\\index.php')
CRITICAL - 2024-01-29 16:41:23 --> Undefined index: Id
in APPPATH\Views\trello.php on line 51.
 1 APPPATH\Views\trello.php(51): CodeIgniter\Debug\Exceptions->errorHandler(8, 'Undefined index: Id', 'C:\\laragon\\www\\FORMULAIRE\\app\\Views\\trello.php', 51, [...])
 2 SYSTEMPATH\View\View.php(226): include('C:\\laragon\\www\\FORMULAIRE\\app\\Views\\trello.php')
 3 SYSTEMPATH\View\View.php(229): CodeIgniter\View\View->CodeIgniter\View\{closure}()
 4 SYSTEMPATH\Common.php(1188): CodeIgniter\View\View->render('trello.php', [], true)
 5 APPPATH\Controllers\SignupController.php(48): view('trello.php', [...])
 6 SYSTEMPATH\CodeIgniter.php(919): App\Controllers\SignupController->Affiche()
 7 SYSTEMPATH\CodeIgniter.php(494): CodeIgniter\CodeIgniter->runController(Object(App\Controllers\SignupController))
 8 SYSTEMPATH\CodeIgniter.php(353): CodeIgniter\CodeIgniter->handleRequest(null, Object(Config\Cache), false)
 9 FCPATH\index.php(79): CodeIgniter\CodeIgniter->run()
10 SYSTEMPATH\Commands\Server\rewrite.php(47): require_once('C:\\laragon\\www\\FORMULAIRE\\public\\index.php')
CRITICAL - 2024-01-29 16:46:41 --> Undefined variable: UnePersonne
in APPPATH\Views\trello.php on line 48.
 1 APPPATH\Views\trello.php(48): CodeIgniter\Debug\Exceptions->errorHandler(8, 'Undefined variable: UnePersonne', 'C:\\laragon\\www\\FORMULAIRE\\app\\Views\\trello.php', 48, [...])
 2 SYSTEMPATH\View\View.php(226): include('C:\\laragon\\www\\FORMULAIRE\\app\\Views\\trello.php')
 3 SYSTEMPATH\View\View.php(229): CodeIgniter\View\View->CodeIgniter\View\{closure}()
 4 SYSTEMPATH\Common.php(1188): CodeIgniter\View\View->render('trello.php', [], true)
 5 APPPATH\Controllers\SignupController.php(48): view('trello.php', [...])
 6 SYSTEMPATH\CodeIgniter.php(919): App\Controllers\SignupController->Affiche()
 7 SYSTEMPATH\CodeIgniter.php(494): CodeIgniter\CodeIgniter->runController(Object(App\Controllers\SignupController))
 8 SYSTEMPATH\CodeIgniter.php(353): CodeIgniter\CodeIgniter->handleRequest(null, Object(Config\Cache), false)
 9 FCPATH\index.php(79): CodeIgniter\CodeIgniter->run()
10 SYSTEMPATH\Commands\Server\rewrite.php(47): require_once('C:\\laragon\\www\\FORMULAIRE\\public\\index.php')
CRITICAL - 2024-01-29 19:49:01 --> Undefined index: Id
in APPPATH\Views\trello.php on line 25.
 1 APPPATH\Views\trello.php(25): CodeIgniter\Debug\Exceptions->errorHandler(8, 'Undefined index: Id', 'C:\\laragon\\www\\FORMULAIRE\\app\\Views\\trello.php', 25, [...])
 2 SYSTEMPATH\View\View.php(226): include('C:\\laragon\\www\\FORMULAIRE\\app\\Views\\trello.php')
 3 SYSTEMPATH\View\View.php(229): CodeIgniter\View\View->CodeIgniter\View\{closure}()
 4 SYSTEMPATH\Common.php(1188): CodeIgniter\View\View->render('trello.php', [], true)
 5 APPPATH\Controllers\SignupController.php(48): view('trello.php', [...])
 6 SYSTEMPATH\CodeIgniter.php(919): App\Controllers\SignupController->Affiche()
 7 SYSTEMPATH\CodeIgniter.php(494): CodeIgniter\CodeIgniter->runController(Object(App\Controllers\SignupController))
 8 SYSTEMPATH\CodeIgniter.php(353): CodeIgniter\CodeIgniter->handleRequest(null, Object(Config\Cache), false)
 9 FCPATH\index.php(79): CodeIgniter\CodeIgniter->run()
10 SYSTEMPATH\Commands\Server\rewrite.php(47): require_once('C:\\laragon\\www\\FORMULAIRE\\public\\index.php')
CRITICAL - 2024-01-29 19:50:22 --> Undefined variable: UnePersonne
in APPPATH\Views\trello.php on line 11.
 1 APPPATH\Views\trello.php(11): CodeIgniter\Debug\Exceptions->errorHandler(8, 'Undefined variable: UnePersonne', 'C:\\laragon\\www\\FORMULAIRE\\app\\Views\\trello.php', 11, [...])
 2 SYSTEMPATH\View\View.php(226): include('C:\\laragon\\www\\FORMULAIRE\\app\\Views\\trello.php')
 3 SYSTEMPATH\View\View.php(229): CodeIgniter\View\View->CodeIgniter\View\{closure}()
 4 SYSTEMPATH\Common.php(1188): CodeIgniter\View\View->render('trello.php', [], true)
 5 APPPATH\Controllers\SignupController.php(48): view('trello.php', [...])
 6 SYSTEMPATH\CodeIgniter.php(919): App\Controllers\SignupController->Affiche()
 7 SYSTEMPATH\CodeIgniter.php(494): CodeIgniter\CodeIgniter->runController(Object(App\Controllers\SignupController))
 8 SYSTEMPATH\CodeIgniter.php(353): CodeIgniter\CodeIgniter->handleRequest(null, Object(Config\Cache), false)
 9 FCPATH\index.php(79): CodeIgniter\CodeIgniter->run()
10 SYSTEMPATH\Commands\Server\rewrite.php(47): require_once('C:\\laragon\\www\\FORMULAIRE\\public\\index.php')
CRITICAL - 2024-01-29 19:50:34 --> Undefined variable: UnePersonne
in APPPATH\Views\trello.php on line 11.
 1 APPPATH\Views\trello.php(11): CodeIgniter\Debug\Exceptions->errorHandler(8, 'Undefined variable: UnePersonne', 'C:\\laragon\\www\\FORMULAIRE\\app\\Views\\trello.php', 11, [...])
 2 SYSTEMPATH\View\View.php(226): include('C:\\laragon\\www\\FORMULAIRE\\app\\Views\\trello.php')
 3 SYSTEMPATH\View\View.php(229): CodeIgniter\View\View->CodeIgniter\View\{closure}()
 4 SYSTEMPATH\Common.php(1188): CodeIgniter\View\View->render('trello.php', [], true)
 5 APPPATH\Controllers\SignupController.php(48): view('trello.php', [...])
 6 SYSTEMPATH\CodeIgniter.php(919): App\Controllers\SignupController->Affiche()
 7 SYSTEMPATH\CodeIgniter.php(494): CodeIgniter\CodeIgniter->runController(Object(App\Controllers\SignupController))
 8 SYSTEMPATH\CodeIgniter.php(353): CodeIgniter\CodeIgniter->handleRequest(null, Object(Config\Cache), false)
 9 FCPATH\index.php(79): CodeIgniter\CodeIgniter->run()
10 SYSTEMPATH\Commands\Server\rewrite.php(47): require_once('C:\\laragon\\www\\FORMULAIRE\\public\\index.php')
