INFO - 2024-01-31 08:06:35 --> Session: Class initialized using 'CodeIgniter\Session\Handlers\FileHandler' driver.
CRITICAL - 2024-01-31 08:06:36 --> Invalid file: "index.php"
in SYSTEMPATH\Exceptions\FrameworkException.php on line 39.
 1 SYSTEMPATH\View\View.php(214): CodeIgniter\Exceptions\FrameworkException::forInvalidFile('index.php')
 2 SYSTEMPATH\Common.php(1188): CodeIgniter\View\View->render('index.php', [], true)
 3 APPPATH\Controllers\Base.php(15): view('index.php')
 4 SYSTEMPATH\CodeIgniter.php(919): App\Controllers\Base->index()
 5 SYSTEMPATH\CodeIgniter.php(494): CodeIgniter\CodeIgniter->runController(Object(App\Controllers\Base))
 6 SYSTEMPATH\CodeIgniter.php(353): CodeIgniter\CodeIgniter->handleRequest(null, Object(Config\Cache), false)
 7 FCPATH\index.php(79): CodeIgniter\CodeIgniter->run()
 8 SYSTEMPATH\Commands\Server\rewrite.php(47): require_once('C:\\laragon\\www\\FORMULAIRE\\public\\index.php')
CRITICAL - 2024-01-31 08:55:32 --> Undefined variable: personne
in APPPATH\Views\historique.php on line 9.
 1 APPPATH\Views\historique.php(9): CodeIgniter\Debug\Exceptions->errorHandler(8, 'Undefined variable: personne', 'C:\\laragon\\www\\FORMULAIRE\\app\\Views\\historique.php', 9, [])
 2 SYSTEMPATH\View\View.php(226): include('C:\\laragon\\www\\FORMULAIRE\\app\\Views\\historique.php')
 3 SYSTEMPATH\View\View.php(229): CodeIgniter\View\View->CodeIgniter\View\{closure}()
 4 SYSTEMPATH\Common.php(1188): CodeIgniter\View\View->render('historique.php', [], true)
 5 APPPATH\Controllers\SignupController.php(82): view('historique.php', [...])
 6 SYSTEMPATH\CodeIgniter.php(919): App\Controllers\SignupController->Historique()
 7 SYSTEMPATH\CodeIgniter.php(494): CodeIgniter\CodeIgniter->runController(Object(App\Controllers\SignupController))
 8 SYSTEMPATH\CodeIgniter.php(353): CodeIgniter\CodeIgniter->handleRequest(null, Object(Config\Cache), false)
 9 FCPATH\index.php(79): CodeIgniter\CodeIgniter->run()
10 SYSTEMPATH\Commands\Server\rewrite.php(47): require_once('C:\\laragon\\www\\FORMULAIRE\\public\\index.php')
CRITICAL - 2024-01-31 08:56:26 --> Undefined variable: personnehisto
in APPPATH\Views\historique.php on line 10.
 1 APPPATH\Views\historique.php(10): CodeIgniter\Debug\Exceptions->errorHandler(8, 'Undefined variable: personnehisto', 'C:\\laragon\\www\\FORMULAIRE\\app\\Views\\historique.php', 10, [])
 2 SYSTEMPATH\View\View.php(226): include('C:\\laragon\\www\\FORMULAIRE\\app\\Views\\historique.php')
 3 SYSTEMPATH\View\View.php(229): CodeIgniter\View\View->CodeIgniter\View\{closure}()
 4 SYSTEMPATH\Common.php(1188): CodeIgniter\View\View->render('historique.php', [], true)
 5 APPPATH\Controllers\SignupController.php(82): view('historique.php', [...])
 6 SYSTEMPATH\CodeIgniter.php(919): App\Controllers\SignupController->Historique()
 7 SYSTEMPATH\CodeIgniter.php(494): CodeIgniter\CodeIgniter->runController(Object(App\Controllers\SignupController))
 8 SYSTEMPATH\CodeIgniter.php(353): CodeIgniter\CodeIgniter->handleRequest(null, Object(Config\Cache), false)
 9 FCPATH\index.php(79): CodeIgniter\CodeIgniter->run()
10 SYSTEMPATH\Commands\Server\rewrite.php(47): require_once('C:\\laragon\\www\\FORMULAIRE\\public\\index.php')
CRITICAL - 2024-01-31 08:56:26 --> Undefined variable: personnehisto
in APPPATH\Views\historique.php on line 10.
 1 APPPATH\Views\historique.php(10): CodeIgniter\Debug\Exceptions->errorHandler(8, 'Undefined variable: personnehisto', 'C:\\laragon\\www\\FORMULAIRE\\app\\Views\\historique.php', 10, [])
 2 SYSTEMPATH\View\View.php(226): include('C:\\laragon\\www\\FORMULAIRE\\app\\Views\\historique.php')
 3 SYSTEMPATH\View\View.php(229): CodeIgniter\View\View->CodeIgniter\View\{closure}()
 4 SYSTEMPATH\Common.php(1188): CodeIgniter\View\View->render('historique.php', [], true)
 5 APPPATH\Controllers\SignupController.php(82): view('historique.php', [...])
 6 SYSTEMPATH\CodeIgniter.php(919): App\Controllers\SignupController->Historique()
 7 SYSTEMPATH\CodeIgniter.php(494): CodeIgniter\CodeIgniter->runController(Object(App\Controllers\SignupController))
 8 SYSTEMPATH\CodeIgniter.php(353): CodeIgniter\CodeIgniter->handleRequest(null, Object(Config\Cache), false)
 9 FCPATH\index.php(79): CodeIgniter\CodeIgniter->run()
10 SYSTEMPATH\Commands\Server\rewrite.php(47): require_once('C:\\laragon\\www\\FORMULAIRE\\public\\index.php')
CRITICAL - 2024-01-31 08:56:58 --> Undefined variable: personneshisto
in APPPATH\Views\historique.php on line 10.
 1 APPPATH\Views\historique.php(10): CodeIgniter\Debug\Exceptions->errorHandler(8, 'Undefined variable: personneshisto', 'C:\\laragon\\www\\FORMULAIRE\\app\\Views\\historique.php', 10, [])
 2 SYSTEMPATH\View\View.php(226): include('C:\\laragon\\www\\FORMULAIRE\\app\\Views\\historique.php')
 3 SYSTEMPATH\View\View.php(229): CodeIgniter\View\View->CodeIgniter\View\{closure}()
 4 SYSTEMPATH\Common.php(1188): CodeIgniter\View\View->render('historique.php', [], true)
 5 APPPATH\Controllers\SignupController.php(82): view('historique.php', [...])
 6 SYSTEMPATH\CodeIgniter.php(919): App\Controllers\SignupController->Historique()
 7 SYSTEMPATH\CodeIgniter.php(494): CodeIgniter\CodeIgniter->runController(Object(App\Controllers\SignupController))
 8 SYSTEMPATH\CodeIgniter.php(353): CodeIgniter\CodeIgniter->handleRequest(null, Object(Config\Cache), false)
 9 FCPATH\index.php(79): CodeIgniter\CodeIgniter->run()
10 SYSTEMPATH\Commands\Server\rewrite.php(47): require_once('C:\\laragon\\www\\FORMULAIRE\\public\\index.php')
CRITICAL - 2024-01-31 08:57:33 --> Undefined variable: personneshisto
in APPPATH\Views\historique.php on line 10.
 1 APPPATH\Views\historique.php(10): CodeIgniter\Debug\Exceptions->errorHandler(8, 'Undefined variable: personneshisto', 'C:\\laragon\\www\\FORMULAIRE\\app\\Views\\historique.php', 10, [])
 2 SYSTEMPATH\View\View.php(226): include('C:\\laragon\\www\\FORMULAIRE\\app\\Views\\historique.php')
 3 SYSTEMPATH\View\View.php(229): CodeIgniter\View\View->CodeIgniter\View\{closure}()
 4 SYSTEMPATH\Common.php(1188): CodeIgniter\View\View->render('historique.php', [], true)
 5 APPPATH\Controllers\SignupController.php(82): view('historique.php', [...])
 6 SYSTEMPATH\CodeIgniter.php(919): App\Controllers\SignupController->Historique()
 7 SYSTEMPATH\CodeIgniter.php(494): CodeIgniter\CodeIgniter->runController(Object(App\Controllers\SignupController))
 8 SYSTEMPATH\CodeIgniter.php(353): CodeIgniter\CodeIgniter->handleRequest(null, Object(Config\Cache), false)
 9 FCPATH\index.php(79): CodeIgniter\CodeIgniter->run()
10 SYSTEMPATH\Commands\Server\rewrite.php(47): require_once('C:\\laragon\\www\\FORMULAIRE\\public\\index.php')
CRITICAL - 2024-01-31 08:58:46 --> Undefined index: HNom
in APPPATH\Views\historique.php on line 10.
 1 APPPATH\Views\historique.php(10): CodeIgniter\Debug\Exceptions->errorHandler(8, 'Undefined index: HNom', 'C:\\laragon\\www\\FORMULAIRE\\app\\Views\\historique.php', 10, [...])
 2 SYSTEMPATH\View\View.php(226): include('C:\\laragon\\www\\FORMULAIRE\\app\\Views\\historique.php')
 3 SYSTEMPATH\View\View.php(229): CodeIgniter\View\View->CodeIgniter\View\{closure}()
 4 SYSTEMPATH\Common.php(1188): CodeIgniter\View\View->render('historique.php', [], true)
 5 APPPATH\Controllers\SignupController.php(82): view('historique.php', [...])
 6 SYSTEMPATH\CodeIgniter.php(919): App\Controllers\SignupController->Historique()
 7 SYSTEMPATH\CodeIgniter.php(494): CodeIgniter\CodeIgniter->runController(Object(App\Controllers\SignupController))
 8 SYSTEMPATH\CodeIgniter.php(353): CodeIgniter\CodeIgniter->handleRequest(null, Object(Config\Cache), false)
 9 FCPATH\index.php(79): CodeIgniter\CodeIgniter->run()
10 SYSTEMPATH\Commands\Server\rewrite.php(47): require_once('C:\\laragon\\www\\FORMULAIRE\\public\\index.php')
CRITICAL - 2024-01-31 09:04:10 --> "App\Models\HistoriqueModel" model class does not specify a Primary Key.
in SYSTEMPATH\Model.php on line 625.
 1 SYSTEMPATH\Model.php(625): CodeIgniter\Exceptions\ModelException::forNoPrimaryKey('App\\Models\\HistoriqueModel')
 2 SYSTEMPATH\Model.php(230): CodeIgniter\Model->builder()
 3 SYSTEMPATH\BaseModel.php(624): CodeIgniter\Model->doFindAll(0, 0)
 4 APPPATH\Controllers\SignupController.php(76): CodeIgniter\BaseModel->findAll()
 5 SYSTEMPATH\CodeIgniter.php(919): App\Controllers\SignupController->Historique()
 6 SYSTEMPATH\CodeIgniter.php(494): CodeIgniter\CodeIgniter->runController(Object(App\Controllers\SignupController))
 7 SYSTEMPATH\CodeIgniter.php(353): CodeIgniter\CodeIgniter->handleRequest(null, Object(Config\Cache), false)
 8 FCPATH\index.php(79): CodeIgniter\CodeIgniter->run()
 9 SYSTEMPATH\Commands\Server\rewrite.php(47): require_once('C:\\laragon\\www\\FORMULAIRE\\public\\index.php')
CRITICAL - 2024-01-31 09:06:21 --> Undefined index: HNom
in APPPATH\Views\historique.php on line 10.
 1 APPPATH\Views\historique.php(10): CodeIgniter\Debug\Exceptions->errorHandler(8, 'Undefined index: HNom', 'C:\\laragon\\www\\FORMULAIRE\\app\\Views\\historique.php', 10, [...])
 2 SYSTEMPATH\View\View.php(226): include('C:\\laragon\\www\\FORMULAIRE\\app\\Views\\historique.php')
 3 SYSTEMPATH\View\View.php(229): CodeIgniter\View\View->CodeIgniter\View\{closure}()
 4 SYSTEMPATH\Common.php(1188): CodeIgniter\View\View->render('historique.php', [], true)
 5 APPPATH\Controllers\SignupController.php(82): view('historique.php', [...])
 6 SYSTEMPATH\CodeIgniter.php(919): App\Controllers\SignupController->Historique()
 7 SYSTEMPATH\CodeIgniter.php(494): CodeIgniter\CodeIgniter->runController(Object(App\Controllers\SignupController))
 8 SYSTEMPATH\CodeIgniter.php(353): CodeIgniter\CodeIgniter->handleRequest(null, Object(Config\Cache), false)
 9 FCPATH\index.php(79): CodeIgniter\CodeIgniter->run()
10 SYSTEMPATH\Commands\Server\rewrite.php(47): require_once('C:\\laragon\\www\\FORMULAIRE\\public\\index.php')
CRITICAL - 2024-01-31 09:09:08 --> Undefined index: HNom
in APPPATH\Views\historique.php on line 10.
 1 APPPATH\Views\historique.php(10): CodeIgniter\Debug\Exceptions->errorHandler(8, 'Undefined index: HNom', 'C:\\laragon\\www\\FORMULAIRE\\app\\Views\\historique.php', 10, [...])
 2 SYSTEMPATH\View\View.php(226): include('C:\\laragon\\www\\FORMULAIRE\\app\\Views\\historique.php')
 3 SYSTEMPATH\View\View.php(229): CodeIgniter\View\View->CodeIgniter\View\{closure}()
 4 SYSTEMPATH\Common.php(1188): CodeIgniter\View\View->render('historique.php', [], true)
 5 APPPATH\Controllers\SignupController.php(82): view('historique.php', [...])
 6 SYSTEMPATH\CodeIgniter.php(919): App\Controllers\SignupController->historique()
 7 SYSTEMPATH\CodeIgniter.php(494): CodeIgniter\CodeIgniter->runController(Object(App\Controllers\SignupController))
 8 SYSTEMPATH\CodeIgniter.php(353): CodeIgniter\CodeIgniter->handleRequest(null, Object(Config\Cache), false)
 9 FCPATH\index.php(79): CodeIgniter\CodeIgniter->run()
10 SYSTEMPATH\Commands\Server\rewrite.php(47): require_once('C:\\laragon\\www\\FORMULAIRE\\public\\index.php')
CRITICAL - 2024-01-31 09:13:55 --> Undefined index: HNom
in APPPATH\Views\historique.php on line 10.
 1 APPPATH\Views\historique.php(10): CodeIgniter\Debug\Exceptions->errorHandler(8, 'Undefined index: HNom', 'C:\\laragon\\www\\FORMULAIRE\\app\\Views\\historique.php', 10, [...])
 2 SYSTEMPATH\View\View.php(226): include('C:\\laragon\\www\\FORMULAIRE\\app\\Views\\historique.php')
 3 SYSTEMPATH\View\View.php(229): CodeIgniter\View\View->CodeIgniter\View\{closure}()
 4 SYSTEMPATH\Common.php(1188): CodeIgniter\View\View->render('historique.php', [], true)
 5 APPPATH\Controllers\SignupController.php(82): view('historique.php', [...])
 6 SYSTEMPATH\CodeIgniter.php(919): App\Controllers\SignupController->historique()
 7 SYSTEMPATH\CodeIgniter.php(494): CodeIgniter\CodeIgniter->runController(Object(App\Controllers\SignupController))
 8 SYSTEMPATH\CodeIgniter.php(353): CodeIgniter\CodeIgniter->handleRequest(null, Object(Config\Cache), false)
 9 FCPATH\index.php(79): CodeIgniter\CodeIgniter->run()
10 SYSTEMPATH\Commands\Server\rewrite.php(47): require_once('C:\\laragon\\www\\FORMULAIRE\\public\\index.php')
CRITICAL - 2024-01-31 09:14:42 --> Undefined index: HNom
in APPPATH\Views\historique.php on line 11.
 1 APPPATH\Views\historique.php(11): CodeIgniter\Debug\Exceptions->errorHandler(8, 'Undefined index: HNom', 'C:\\laragon\\www\\FORMULAIRE\\app\\Views\\historique.php', 11, [...])
 2 SYSTEMPATH\View\View.php(226): include('C:\\laragon\\www\\FORMULAIRE\\app\\Views\\historique.php')
 3 SYSTEMPATH\View\View.php(229): CodeIgniter\View\View->CodeIgniter\View\{closure}()
 4 SYSTEMPATH\Common.php(1188): CodeIgniter\View\View->render('historique.php', [], true)
 5 APPPATH\Controllers\SignupController.php(82): view('historique.php', [...])
 6 SYSTEMPATH\CodeIgniter.php(919): App\Controllers\SignupController->historique()
 7 SYSTEMPATH\CodeIgniter.php(494): CodeIgniter\CodeIgniter->runController(Object(App\Controllers\SignupController))
 8 SYSTEMPATH\CodeIgniter.php(353): CodeIgniter\CodeIgniter->handleRequest(null, Object(Config\Cache), false)
 9 FCPATH\index.php(79): CodeIgniter\CodeIgniter->run()
10 SYSTEMPATH\Commands\Server\rewrite.php(47): require_once('C:\\laragon\\www\\FORMULAIRE\\public\\index.php')
INFO - 2024-01-31 13:44:39 --> Session: Class initialized using 'CodeIgniter\Session\Handlers\FileHandler' driver.
CRITICAL - 2024-01-31 13:44:39 --> Invalid file: "index.php"
in SYSTEMPATH\Exceptions\FrameworkException.php on line 39.
 1 SYSTEMPATH\View\View.php(214): CodeIgniter\Exceptions\FrameworkException::forInvalidFile('index.php')
 2 SYSTEMPATH\Common.php(1188): CodeIgniter\View\View->render('index.php', [], true)
 3 APPPATH\Controllers\Base.php(15): view('index.php')
 4 SYSTEMPATH\CodeIgniter.php(919): App\Controllers\Base->index()
 5 SYSTEMPATH\CodeIgniter.php(494): CodeIgniter\CodeIgniter->runController(Object(App\Controllers\Base))
 6 SYSTEMPATH\CodeIgniter.php(353): CodeIgniter\CodeIgniter->handleRequest(null, Object(Config\Cache), false)
 7 FCPATH\index.php(79): CodeIgniter\CodeIgniter->run()
 8 SYSTEMPATH\Commands\Server\rewrite.php(47): require_once('C:\\laragon\\www\\FORMULAIRE\\public\\index.php')
ERROR - 2024-01-31 14:30:25 --> [Microsoft][ODBC Driver 17 for SQL Server][SQL Server]Échec de la conversion de la valeur varchar 'Beaujard_Loïs' en type de données int.
CRITICAL - 2024-01-31 14:30:26 --> [Microsoft][ODBC Driver 17 for SQL Server][SQL Server]Échec de la conversion de la valeur varchar 'Beaujard_Loïs' en type de données int.
in SYSTEMPATH\Database\BaseConnection.php on line 646.
 1 SYSTEMPATH\Database\BaseBuilder.php(2308): CodeIgniter\Database\BaseConnection->query('INSERT INTO "FORMULAIRE"."dbo"."FORMULAIRE" ("Nom","Prenom","Mail","Adresse","Tel","Motdepasse","Description","Signature","Date") VALUES (:Nom:, :Prenom:, :Mail:, :Adresse:, :Tel:, :Motdepasse:, :Description:, :Signature:, :Date:)', [...], false)
 2 SYSTEMPATH\Model.php(319): CodeIgniter\Database\BaseBuilder->insert()
 3 SYSTEMPATH\BaseModel.php(788): CodeIgniter\Model->doInsert([...])
 4 SYSTEMPATH\Model.php(715): CodeIgniter\BaseModel->insert([...], false)
 5 SYSTEMPATH\BaseModel.php(698): CodeIgniter\Model->insert([...], false)
 6 APPPATH\Controllers\SignupController.php(30): CodeIgniter\BaseModel->save([...])
 7 SYSTEMPATH\CodeIgniter.php(919): App\Controllers\SignupController->store()
 8 SYSTEMPATH\CodeIgniter.php(494): CodeIgniter\CodeIgniter->runController(Object(App\Controllers\SignupController))
 9 SYSTEMPATH\CodeIgniter.php(353): CodeIgniter\CodeIgniter->handleRequest(null, Object(Config\Cache), false)
10 FCPATH\index.php(79): CodeIgniter\CodeIgniter->run()
11 SYSTEMPATH\Commands\Server\rewrite.php(47): require_once('C:\\laragon\\www\\FORMULAIRE\\public\\index.php')
CRITICAL - 2024-01-31 14:41:19 --> Undefined variable: LesPersonnes
in APPPATH\Views\inscription.php on line 79.
 1 APPPATH\Views\inscription.php(79): CodeIgniter\Debug\Exceptions->errorHandler(8, 'Undefined variable: LesPersonnes', 'C:\\laragon\\www\\FORMULAIRE\\app\\Views\\inscription.php', 79, [])
 2 SYSTEMPATH\View\View.php(226): include('C:\\laragon\\www\\FORMULAIRE\\app\\Views\\inscription.php')
 3 SYSTEMPATH\View\View.php(229): CodeIgniter\View\View->CodeIgniter\View\{closure}()
 4 SYSTEMPATH\Common.php(1188): CodeIgniter\View\View->render('inscription.php', [], true)
 5 APPPATH\Controllers\Base.php(26): view('inscription.php')
 6 SYSTEMPATH\CodeIgniter.php(919): App\Controllers\Base->inscription()
 7 SYSTEMPATH\CodeIgniter.php(494): CodeIgniter\CodeIgniter->runController(Object(App\Controllers\Base))
 8 SYSTEMPATH\CodeIgniter.php(353): CodeIgniter\CodeIgniter->handleRequest(null, Object(Config\Cache), false)
 9 FCPATH\index.php(79): CodeIgniter\CodeIgniter->run()
10 SYSTEMPATH\Commands\Server\rewrite.php(47): require_once('C:\\laragon\\www\\FORMULAIRE\\public\\index.php')
CRITICAL - 2024-01-31 14:45:09 --> Undefined variable: LesPersonnes
in APPPATH\Views\inscription.php on line 79.
 1 APPPATH\Views\inscription.php(79): CodeIgniter\Debug\Exceptions->errorHandler(8, 'Undefined variable: LesPersonnes', 'C:\\laragon\\www\\FORMULAIRE\\app\\Views\\inscription.php', 79, [])
 2 SYSTEMPATH\View\View.php(226): include('C:\\laragon\\www\\FORMULAIRE\\app\\Views\\inscription.php')
 3 SYSTEMPATH\View\View.php(229): CodeIgniter\View\View->CodeIgniter\View\{closure}()
 4 SYSTEMPATH\Common.php(1188): CodeIgniter\View\View->render('inscription.php', [], true)
 5 APPPATH\Controllers\Base.php(26): view('inscription.php')
 6 SYSTEMPATH\CodeIgniter.php(919): App\Controllers\Base->inscription()
 7 SYSTEMPATH\CodeIgniter.php(494): CodeIgniter\CodeIgniter->runController(Object(App\Controllers\Base))
 8 SYSTEMPATH\CodeIgniter.php(353): CodeIgniter\CodeIgniter->handleRequest(null, Object(Config\Cache), false)
 9 FCPATH\index.php(79): CodeIgniter\CodeIgniter->run()
10 SYSTEMPATH\Commands\Server\rewrite.php(47): require_once('C:\\laragon\\www\\FORMULAIRE\\public\\index.php')
CRITICAL - 2024-01-31 14:45:34 --> Undefined variable: LesPersonnes
in APPPATH\Views\inscription.php on line 79.
 1 APPPATH\Views\inscription.php(79): CodeIgniter\Debug\Exceptions->errorHandler(8, 'Undefined variable: LesPersonnes', 'C:\\laragon\\www\\FORMULAIRE\\app\\Views\\inscription.php', 79, [])
 2 SYSTEMPATH\View\View.php(226): include('C:\\laragon\\www\\FORMULAIRE\\app\\Views\\inscription.php')
 3 SYSTEMPATH\View\View.php(229): CodeIgniter\View\View->CodeIgniter\View\{closure}()
 4 SYSTEMPATH\Common.php(1188): CodeIgniter\View\View->render('inscription.php', [], true)
 5 APPPATH\Controllers\Base.php(26): view('inscription.php')
 6 SYSTEMPATH\CodeIgniter.php(919): App\Controllers\Base->inscription()
 7 SYSTEMPATH\CodeIgniter.php(494): CodeIgniter\CodeIgniter->runController(Object(App\Controllers\Base))
 8 SYSTEMPATH\CodeIgniter.php(353): CodeIgniter\CodeIgniter->handleRequest(null, Object(Config\Cache), false)
 9 FCPATH\index.php(79): CodeIgniter\CodeIgniter->run()
10 SYSTEMPATH\Commands\Server\rewrite.php(47): require_once('C:\\laragon\\www\\FORMULAIRE\\public\\index.php')
CRITICAL - 2024-01-31 14:45:37 --> Undefined variable: LesPersonnes
in APPPATH\Views\inscription.php on line 79.
 1 APPPATH\Views\inscription.php(79): CodeIgniter\Debug\Exceptions->errorHandler(8, 'Undefined variable: LesPersonnes', 'C:\\laragon\\www\\FORMULAIRE\\app\\Views\\inscription.php', 79, [])
 2 SYSTEMPATH\View\View.php(226): include('C:\\laragon\\www\\FORMULAIRE\\app\\Views\\inscription.php')
 3 SYSTEMPATH\View\View.php(229): CodeIgniter\View\View->CodeIgniter\View\{closure}()
 4 SYSTEMPATH\Common.php(1188): CodeIgniter\View\View->render('inscription.php', [], true)
 5 APPPATH\Controllers\Base.php(26): view('inscription.php')
 6 SYSTEMPATH\CodeIgniter.php(919): App\Controllers\Base->inscription()
 7 SYSTEMPATH\CodeIgniter.php(494): CodeIgniter\CodeIgniter->runController(Object(App\Controllers\Base))
 8 SYSTEMPATH\CodeIgniter.php(353): CodeIgniter\CodeIgniter->handleRequest(null, Object(Config\Cache), false)
 9 FCPATH\index.php(79): CodeIgniter\CodeIgniter->run()
10 SYSTEMPATH\Commands\Server\rewrite.php(47): require_once('C:\\laragon\\www\\FORMULAIRE\\public\\index.php')
CRITICAL - 2024-01-31 14:45:55 --> Undefined variable: LesPersonnes
in APPPATH\Views\inscription.php on line 79.
 1 APPPATH\Views\inscription.php(79): CodeIgniter\Debug\Exceptions->errorHandler(8, 'Undefined variable: LesPersonnes', 'C:\\laragon\\www\\FORMULAIRE\\app\\Views\\inscription.php', 79, [])
 2 SYSTEMPATH\View\View.php(226): include('C:\\laragon\\www\\FORMULAIRE\\app\\Views\\inscription.php')
 3 SYSTEMPATH\View\View.php(229): CodeIgniter\View\View->CodeIgniter\View\{closure}()
 4 SYSTEMPATH\Common.php(1188): CodeIgniter\View\View->render('inscription.php', [], true)
 5 APPPATH\Controllers\Base.php(26): view('inscription.php')
 6 SYSTEMPATH\CodeIgniter.php(919): App\Controllers\Base->inscription()
 7 SYSTEMPATH\CodeIgniter.php(494): CodeIgniter\CodeIgniter->runController(Object(App\Controllers\Base))
 8 SYSTEMPATH\CodeIgniter.php(353): CodeIgniter\CodeIgniter->handleRequest(null, Object(Config\Cache), false)
 9 FCPATH\index.php(79): CodeIgniter\CodeIgniter->run()
10 SYSTEMPATH\Commands\Server\rewrite.php(47): require_once('C:\\laragon\\www\\FORMULAIRE\\public\\index.php')
CRITICAL - 2024-01-31 16:21:08 --> Cannot use object of type stdClass as array
in APPPATH\Views\historique.php on line 22.
 1 SYSTEMPATH\View\View.php(226): include()
 2 SYSTEMPATH\View\View.php(229): CodeIgniter\View\View->CodeIgniter\View\{closure}()
 3 SYSTEMPATH\Common.php(1188): CodeIgniter\View\View->render('historique.php', [], true)
 4 APPPATH\Controllers\SignupController.php(82): view('historique.php', [...])
 5 SYSTEMPATH\CodeIgniter.php(919): App\Controllers\SignupController->historique()
 6 SYSTEMPATH\CodeIgniter.php(494): CodeIgniter\CodeIgniter->runController(Object(App\Controllers\SignupController))
 7 SYSTEMPATH\CodeIgniter.php(353): CodeIgniter\CodeIgniter->handleRequest(null, Object(Config\Cache), false)
 8 FCPATH\index.php(79): CodeIgniter\CodeIgniter->run()
 9 SYSTEMPATH\Commands\Server\rewrite.php(47): require_once('C:\\laragon\\www\\FORMULAIRE\\public\\index.php')
CRITICAL - 2024-01-31 16:21:29 --> Cannot use object of type stdClass as array
in APPPATH\Views\historique.php on line 22.
 1 SYSTEMPATH\View\View.php(226): include()
 2 SYSTEMPATH\View\View.php(229): CodeIgniter\View\View->CodeIgniter\View\{closure}()
 3 SYSTEMPATH\Common.php(1188): CodeIgniter\View\View->render('historique.php', [], true)
 4 APPPATH\Controllers\SignupController.php(82): view('historique.php', [...])
 5 SYSTEMPATH\CodeIgniter.php(919): App\Controllers\SignupController->historique()
 6 SYSTEMPATH\CodeIgniter.php(494): CodeIgniter\CodeIgniter->runController(Object(App\Controllers\SignupController))
 7 SYSTEMPATH\CodeIgniter.php(353): CodeIgniter\CodeIgniter->handleRequest(null, Object(Config\Cache), false)
 8 FCPATH\index.php(79): CodeIgniter\CodeIgniter->run()
 9 SYSTEMPATH\Commands\Server\rewrite.php(47): require_once('C:\\laragon\\www\\FORMULAIRE\\public\\index.php')
CRITICAL - 2024-01-31 16:21:43 --> Cannot use object of type stdClass as array
in APPPATH\Views\historique.php on line 22.
 1 SYSTEMPATH\View\View.php(226): include()
 2 SYSTEMPATH\View\View.php(229): CodeIgniter\View\View->CodeIgniter\View\{closure}()
 3 SYSTEMPATH\Common.php(1188): CodeIgniter\View\View->render('historique.php', [], true)
 4 APPPATH\Controllers\SignupController.php(82): view('historique.php', [...])
 5 SYSTEMPATH\CodeIgniter.php(919): App\Controllers\SignupController->historique()
 6 SYSTEMPATH\CodeIgniter.php(494): CodeIgniter\CodeIgniter->runController(Object(App\Controllers\SignupController))
 7 SYSTEMPATH\CodeIgniter.php(353): CodeIgniter\CodeIgniter->handleRequest(null, Object(Config\Cache), false)
 8 FCPATH\index.php(79): CodeIgniter\CodeIgniter->run()
 9 SYSTEMPATH\Commands\Server\rewrite.php(47): require_once('C:\\laragon\\www\\FORMULAIRE\\public\\index.php')
CRITICAL - 2024-01-31 16:35:25 --> Call to a member function getResult() on bool
in APPPATH\Models\HistoriqueModel.php on line 33.
 1 APPPATH\Controllers\SignupController.php(120): App\Models\HistoriqueModel->Delete_All_Histo()
 2 SYSTEMPATH\CodeIgniter.php(919): App\Controllers\SignupController->delete_histo()
 3 SYSTEMPATH\CodeIgniter.php(494): CodeIgniter\CodeIgniter->runController(Object(App\Controllers\SignupController))
 4 SYSTEMPATH\CodeIgniter.php(353): CodeIgniter\CodeIgniter->handleRequest(null, Object(Config\Cache), false)
 5 FCPATH\index.php(79): CodeIgniter\CodeIgniter->run()
 6 SYSTEMPATH\Commands\Server\rewrite.php(47): require_once('C:\\laragon\\www\\FORMULAIRE\\public\\index.php')
CRITICAL - 2024-01-31 16:50:16 --> Undefined variable: UnePersonne
in APPPATH\Views\trello.php on line 16.
 1 APPPATH\Views\trello.php(16): CodeIgniter\Debug\Exceptions->errorHandler(8, 'Undefined variable: UnePersonne', 'C:\\laragon\\www\\FORMULAIRE\\app\\Views\\trello.php', 16, [...])
 2 SYSTEMPATH\View\View.php(226): include('C:\\laragon\\www\\FORMULAIRE\\app\\Views\\trello.php')
 3 SYSTEMPATH\View\View.php(229): CodeIgniter\View\View->CodeIgniter\View\{closure}()
 4 SYSTEMPATH\Common.php(1188): CodeIgniter\View\View->render('trello.php', [], true)
 5 APPPATH\Controllers\SignupController.php(49): view('trello.php', [...])
 6 SYSTEMPATH\CodeIgniter.php(919): App\Controllers\SignupController->Affiche()
 7 SYSTEMPATH\CodeIgniter.php(494): CodeIgniter\CodeIgniter->runController(Object(App\Controllers\SignupController))
 8 SYSTEMPATH\CodeIgniter.php(353): CodeIgniter\CodeIgniter->handleRequest(null, Object(Config\Cache), false)
 9 FCPATH\index.php(79): CodeIgniter\CodeIgniter->run()
10 SYSTEMPATH\Commands\Server\rewrite.php(47): require_once('C:\\laragon\\www\\FORMULAIRE\\public\\index.php')
